<?xml version="1.0" encoding="UTF-8"?>
<!-- Generated by org.testng.reporters.JUnitXMLReporter -->
<testsuite hostname="Pro" name="Check Unit BV Intranet" tests="9" failures="1" timestamp="15 Jun 2019 08:22:14 GMT" time="15.105" errors="0">
  <testcase name="verifyUrlUsingXPath" time="1.778" classname="unitbv.tests.CheckUnitBV"/>
  <testcase name="verifyUrlUsingXPath" time="1.098" classname="unitbv.tests.CheckUnitBV"/>
  <testcase name="verifyUrlUsingXPath" time="1.18" classname="unitbv.tests.CheckUnitBV"/>
  <testcase name="verifyUrlUsingXPath" time="6.1" classname="unitbv.tests.CheckUnitBV">
    <failure type="java.lang.AssertionError" message="15-06_11-22-09 [ERROR] - Element //span[contains(.,&amp;apos;Raporarte&amp;apos;)] not found on page">
      <![CDATA[java.lang.AssertionError: 15-06_11-22-09 [ERROR] - Element //span[contains(.,'Raporarte')] not found on page
	at framework.TestOperations.assertElementPresent(Unknown Source)
	at util.VerifyPagesFromXls.verifyUrlUsingXPath(Unknown Source)
... Removed 25 stack frames]]>
    </failure>
  </testcase> <!-- verifyUrlUsingXPath -->
  <testcase name="verifyUrlUsingXPath" time="1.049" classname="unitbv.tests.CheckUnitBV"/>
  <testcase name="verifyUrlUsingXPath" time="0.885" classname="unitbv.tests.CheckUnitBV"/>
  <testcase name="verifyUrlUsingXPath" time="1.173" classname="unitbv.tests.CheckUnitBV"/>
  <testcase name="verifyUrlUsingXPath" time="0.816" classname="unitbv.tests.CheckUnitBV"/>
  <testcase name="verifyUrlUsingXPath" time="0.932" classname="unitbv.tests.CheckUnitBV"/>
</testsuite> <!-- Check Unit BV Intranet -->
