<html xmlns:math="http://exslt.org/math" xmlns:testng="http://testng.org">
   <head>
      <title>Test Results</title>
      <meta http-equiv="content-type" content="text/html; charset=utf-8"></meta>
      <meta http-equiv="pragma" content="no-cache"></meta>
      <meta http-equiv="cache-control" content="max-age=0"></meta>
      <meta http-equiv="cache-control" content="no-cache"></meta>
      <meta http-equiv="cache-control" content="no-store"></meta>
      <LINK rel="stylesheet" href="style.css"></LINK>
      <script type="text/javascript" src="main.js"></script>
   </head>
   <body>
      <table width="100%" style="font-size: 16px; margin-bottom: 10px;" cellspacing="1">
         <tr>
            <td width="100%">
               								All methods in suite
               								
               <b>Tests from xls file</b>
            </td>
            <td style="background-color: #FFBBBB; padding: 3px 3px 3px 0;" align="center">
               <div style="width: 50px;">6</div>
            </td>
            <td style="background-color: lightgreen; padding: 3px 3px 3px 0;" align="center">
               <div style="width: 50px;">2</div>
            </td>
            <td style="background-color: #FFFFBB; padding: 3px 3px 3px 0;" align="center">
               <div style="width: 50px;">0</div>
            </td>
            <td align="center" style="background-color: #eaf0f7; padding: 3px 3px 3px 0;">
               <div style="width: 50px;">8</div>
            </td>
            <td align="center"
                style="font-weight: bold; background-color: #eaf0f7; padding: 3px 3px 3px 0;">
               <div style="width: 50px;">25%</div>
            </td>
            <td style="background-color: #eaf0f7; padding: 3px 3px 3px 0;" align="center"
                nowrap="true">4
               				m
               			11
               				s
               			
            </td>
         </tr>
      </table>
      <div style="width: 200px;">
         <label for="groupMethodsCheckBox" style="font-weight: bold; margin: 0;">
            <input id="groupMethodsCheckBox" type="checkbox" onclick="switchTestMethodsView(this)"
                   checked=""></input>
            				Group by class
            			
         </label>
         <br></br>
         <label for="methodsFilter_ALL" style="font-weight: bold; margin: 0;">
            <input id="methodsFilter_ALL" type="checkbox"
                   onclick="testMethodsFilterChanged(this, 'ALL')"
                   checked=""></input>
            				All
            			
         </label>
      </div>
      <label for="methodsFilter_FAIL" style="margin-left: 20px;">
         <input id="methodsFilter_FAIL" type="checkbox"
                onclick="testMethodsFilterChanged(this, 'FAIL')"
                checked=""></input>
         			Failed
         		
      </label>
      <label for="methodsFilter_PASS">
         <input id="methodsFilter_PASS" type="checkbox"
                onclick="testMethodsFilterChanged(this, 'PASS')"
                checked=""></input>
         			Passed
         		
      </label>
      <label for="methodsFilter_SKIP">
         <input id="methodsFilter_SKIP" type="checkbox"
                onclick="testMethodsFilterChanged(this, 'SKIP')"
                checked=""></input>
         			Skipped
         		
      </label>
      <label for="methodsFilter_CONF">
         <input id="methodsFilter_CONF" type="checkbox"
                onclick="testMethodsFilterChanged(this, 'CONF')"
                checked=""></input>
         			Config
         		
      </label>
      <br></br>
      <div id="testMethodsByStatus" style="display: none;">
         <table class="testMethodsTable" cellpadding="0" cellspacing="0">
            <tr class="methodsTableHeader">
               <td width="100%">Name</td>
               <td nowrap="true">Started</td>
               <td nowrap="true">Duration</td>
               <td>Exception</td>
               <td>ScreenShots</td>
            </tr>
            <tr id="unitbv.tests.TestFromXls_runTestCase_byStatus_failed_FAIL1_row"
                class="testMethodStatusFAIL">
               <td width="100%" class="firstMethodCell">
                  <a onclick="toggleDetailsVisibility('unitbv.tests.TestFromXls_runTestCase_byStatus_failed_FAIL1_details')">runTestCase(SEND_TEXT
                     
                     ,
                     
                     //input[contains(@name,'UserName')]
                     
                     ,
                     
                     petrisor.dima@student.unitbv.ro)
                  </a>
               </td>
               <td nowrap="true">12:44:50</td>
               <td nowrap="true" align="right">1
                  				s
                  			
               </td>
               <td nowrap="true">
                  <a onclick="toggleDetailsVisibility('unitbv.tests.TestFromXls_runTestCase_byStatus_failed_FAIL1_exception')">java.lang.AssertionError: 
                     04-06_12-44-52 [ERROR] - Element //input[contains(@name,'UserName')] not found on page 
                     
                  </a>
                  					 
                  				
               </td>
               <td nowrap="true">
                  <a href="D:\testreport\screenShots" target="_blank">ScreenShot</a>
                  					 
                  				
               </td>
            </tr>
            <tr>
               <td colspan="4" class="detailsBox">
                  <div id="unitbv.tests.TestFromXls_runTestCase_byStatus_failed_FAIL1_details"
                       class="testMethodDetails">
                     <div>
                        <b>Name: </b>runTestCase
                     </div>
                     <div>
                        <b>Signature: </b>runTestCase(java.lang.String, java.lang.String, java.lang.String)[pri:0, instance:unitbv.tests.TestFromXls@2c8d66b2]
                     </div>
                     <div>
                        <b>Parameters: </b>
                        
                        SEND_TEXT
                        
                        ,
                        
                        //input[contains(@name,'UserName')]
                        
                        ,
                        
                        petrisor.dima@student.unitbv.ro
                        
                        
                     </div>
                     <div>
                        <b>Start time: </b>12:44:50
                     </div>
                     <div>
                        <b>End time: </b>12:44:52
                     </div>
                     <div>
                        <b>Duration: </b>1
                        				s
                        			
                     </div>
                  </div>
               </td>
            </tr>
            <tr>
               <td colspan="4" class="detailsBox">
                  <div id="unitbv.tests.TestFromXls_runTestCase_byStatus_failed_FAIL1_exception"
                       class="testMethodDetails">
                     <pre style="padding: 5px; margin: 0;">java.lang.AssertionError: 04-06_12-44-52 [ERROR] - Element //input[contains(@name,'UserName')] not found on page 
                        	at org.testng.Assert.fail(Assert.java:94)
                        	at framework.TestOperations.sendText(TestOperations.java:149)
                        	at util.PerformTestFromXls.perform(PerformTestFromXls.java:34)
                        	at util.PerformTestFromXls.runTestCase(PerformTestFromXls.java:17)
                        	at sun.reflect.NativeMethodAccessorImpl.invoke0(Native Method)
                        	at sun.reflect.NativeMethodAccessorImpl.invoke(NativeMethodAccessorImpl.java:62)
                        	at sun.reflect.DelegatingMethodAccessorImpl.invoke(DelegatingMethodAccessorImpl.java:43)
                        	at java.lang.reflect.Method.invoke(Method.java:498)
                        	at org.testng.internal.MethodInvocationHelper.invokeMethod(MethodInvocationHelper.java:80)
                        	at org.testng.internal.Invoker.invokeMethod(Invoker.java:714)
                        	at org.testng.internal.Invoker.invokeTestMethod(Invoker.java:901)
                        	at org.testng.internal.Invoker.invokeTestMethods(Invoker.java:1231)
                        	at org.testng.internal.TestMethodWorker.invokeTestMethods(TestMethodWorker.java:127)
                        	at org.testng.internal.TestMethodWorker.run(TestMethodWorker.java:111)
                        	at org.testng.TestRunner.privateRun(TestRunner.java:767)
                        	at org.testng.TestRunner.run(TestRunner.java:617)
                        	at org.testng.SuiteRunner.runTest(SuiteRunner.java:334)
                        	at org.testng.SuiteRunner.runSequentially(SuiteRunner.java:329)
                        	at org.testng.SuiteRunner.privateRun(SuiteRunner.java:291)
                        	at org.testng.SuiteRunner.run(SuiteRunner.java:240)
                        	at org.testng.SuiteRunnerWorker.runSuite(SuiteRunnerWorker.java:52)
                        	at org.testng.SuiteRunnerWorker.run(SuiteRunnerWorker.java:86)
                        	at org.testng.TestNG.runSuitesSequentially(TestNG.java:1198)
                        	at org.testng.TestNG.runSuitesSequentially(TestNG.java:1194)
                        	at org.testng.TestNG.runSuitesLocally(TestNG.java:1123)
                        	at org.testng.TestNG.run(TestNG.java:1031)
                        	at org.testng.TestNG.privateMain(TestNG.java:1338)
                        	at org.testng.TestNG.main(TestNG.java:1307)
                     </pre>
                  </div>
               </td>
            </tr>
            <tr id="unitbv.tests.TestFromXls_runTestCase_byStatus_failed_FAIL2_row"
                class="testMethodStatusFAIL">
               <td width="100%" class="firstMethodCell">
                  <a onclick="toggleDetailsVisibility('unitbv.tests.TestFromXls_runTestCase_byStatus_failed_FAIL2_details')">runTestCase(SEND_TEXT
                     
                     ,
                     
                     //input[@type='password']
                     
                     ,
                     
                     VrTzBsDJDwFz54Q)
                  </a>
               </td>
               <td nowrap="true">12:44:52</td>
               <td nowrap="true" align="right">464
                  			 ms
                  		
               </td>
               <td nowrap="true">
                  <a onclick="toggleDetailsVisibility('unitbv.tests.TestFromXls_runTestCase_byStatus_failed_FAIL2_exception')">java.lang.AssertionError: 
                     04-06_12-44-52 [ERROR] - Element //input[@type='password'] not found on page 
                     
                  </a>
                  					 
                  				
               </td>
               <td nowrap="true">
                  <a href="D:\testreport\screenShots" target="_blank">ScreenShot</a>
                  					 
                  				
               </td>
            </tr>
            <tr>
               <td colspan="4" class="detailsBox">
                  <div id="unitbv.tests.TestFromXls_runTestCase_byStatus_failed_FAIL2_details"
                       class="testMethodDetails">
                     <div>
                        <b>Name: </b>runTestCase
                     </div>
                     <div>
                        <b>Signature: </b>runTestCase(java.lang.String, java.lang.String, java.lang.String)[pri:0, instance:unitbv.tests.TestFromXls@2c8d66b2]
                     </div>
                     <div>
                        <b>Parameters: </b>
                        
                        SEND_TEXT
                        
                        ,
                        
                        //input[@type='password']
                        
                        ,
                        
                        VrTzBsDJDwFz54Q
                        
                        
                     </div>
                     <div>
                        <b>Start time: </b>12:44:52
                     </div>
                     <div>
                        <b>End time: </b>12:44:52
                     </div>
                     <div>
                        <b>Duration: </b>464
                        			 ms
                        		
                     </div>
                  </div>
               </td>
            </tr>
            <tr>
               <td colspan="4" class="detailsBox">
                  <div id="unitbv.tests.TestFromXls_runTestCase_byStatus_failed_FAIL2_exception"
                       class="testMethodDetails">
                     <pre style="padding: 5px; margin: 0;">java.lang.AssertionError: 04-06_12-44-52 [ERROR] - Element //input[@type='password'] not found on page 
                        	at org.testng.Assert.fail(Assert.java:94)
                        	at framework.TestOperations.sendText(TestOperations.java:149)
                        	at util.PerformTestFromXls.perform(PerformTestFromXls.java:34)
                        	at util.PerformTestFromXls.runTestCase(PerformTestFromXls.java:17)
                        	at sun.reflect.NativeMethodAccessorImpl.invoke0(Native Method)
                        	at sun.reflect.NativeMethodAccessorImpl.invoke(NativeMethodAccessorImpl.java:62)
                        	at sun.reflect.DelegatingMethodAccessorImpl.invoke(DelegatingMethodAccessorImpl.java:43)
                        	at java.lang.reflect.Method.invoke(Method.java:498)
                        	at org.testng.internal.MethodInvocationHelper.invokeMethod(MethodInvocationHelper.java:80)
                        	at org.testng.internal.Invoker.invokeMethod(Invoker.java:714)
                        	at org.testng.internal.Invoker.invokeTestMethod(Invoker.java:901)
                        	at org.testng.internal.Invoker.invokeTestMethods(Invoker.java:1231)
                        	at org.testng.internal.TestMethodWorker.invokeTestMethods(TestMethodWorker.java:127)
                        	at org.testng.internal.TestMethodWorker.run(TestMethodWorker.java:111)
                        	at org.testng.TestRunner.privateRun(TestRunner.java:767)
                        	at org.testng.TestRunner.run(TestRunner.java:617)
                        	at org.testng.SuiteRunner.runTest(SuiteRunner.java:334)
                        	at org.testng.SuiteRunner.runSequentially(SuiteRunner.java:329)
                        	at org.testng.SuiteRunner.privateRun(SuiteRunner.java:291)
                        	at org.testng.SuiteRunner.run(SuiteRunner.java:240)
                        	at org.testng.SuiteRunnerWorker.runSuite(SuiteRunnerWorker.java:52)
                        	at org.testng.SuiteRunnerWorker.run(SuiteRunnerWorker.java:86)
                        	at org.testng.TestNG.runSuitesSequentially(TestNG.java:1198)
                        	at org.testng.TestNG.runSuitesSequentially(TestNG.java:1194)
                        	at org.testng.TestNG.runSuitesLocally(TestNG.java:1123)
                        	at org.testng.TestNG.run(TestNG.java:1031)
                        	at org.testng.TestNG.privateMain(TestNG.java:1338)
                        	at org.testng.TestNG.main(TestNG.java:1307)
                     </pre>
                  </div>
               </td>
            </tr>
            <tr id="unitbv.tests.TestFromXls_runTestCase_byStatus_failed_FAIL3_row"
                class="testMethodStatusFAIL">
               <td width="100%" class="firstMethodCell">
                  <a onclick="toggleDetailsVisibility('unitbv.tests.TestFromXls_runTestCase_byStatus_failed_FAIL3_details')">runTestCase(CLICK
                     
                     ,
                     
                     //a[contains(@id,'LoginButton')]
                     
                     ,)
                  </a>
               </td>
               <td nowrap="true">12:44:52</td>
               <td nowrap="true" align="right">602
                  			 ms
                  		
               </td>
               <td nowrap="true">
                  <a onclick="toggleDetailsVisibility('unitbv.tests.TestFromXls_runTestCase_byStatus_failed_FAIL3_exception')">java.lang.AssertionError: 
                     04-06_12-44-53 [ERROR] - Element //a[contains(@id,'LoginButton')] not found on page 
                     
                  </a>
                  					 
                  				
               </td>
               <td nowrap="true">
                  <a href="D:\testreport\screenShots" target="_blank">ScreenShot</a>
                  					 
                  				
               </td>
            </tr>
            <tr>
               <td colspan="4" class="detailsBox">
                  <div id="unitbv.tests.TestFromXls_runTestCase_byStatus_failed_FAIL3_details"
                       class="testMethodDetails">
                     <div>
                        <b>Name: </b>runTestCase
                     </div>
                     <div>
                        <b>Signature: </b>runTestCase(java.lang.String, java.lang.String, java.lang.String)[pri:0, instance:unitbv.tests.TestFromXls@2c8d66b2]
                     </div>
                     <div>
                        <b>Parameters: </b>
                        
                        CLICK
                        
                        ,
                        
                        //a[contains(@id,'LoginButton')]
                        
                        ,
                        
                        
                        
                        
                     </div>
                     <div>
                        <b>Start time: </b>12:44:52
                     </div>
                     <div>
                        <b>End time: </b>12:44:53
                     </div>
                     <div>
                        <b>Duration: </b>602
                        			 ms
                        		
                     </div>
                  </div>
               </td>
            </tr>
            <tr>
               <td colspan="4" class="detailsBox">
                  <div id="unitbv.tests.TestFromXls_runTestCase_byStatus_failed_FAIL3_exception"
                       class="testMethodDetails">
                     <pre style="padding: 5px; margin: 0;">java.lang.AssertionError: 04-06_12-44-53 [ERROR] - Element //a[contains(@id,'LoginButton')] not found on page 
                        	at org.testng.Assert.fail(Assert.java:94)
                        	at framework.TestOperations.click(TestOperations.java:56)
                        	at util.PerformTestFromXls.perform(PerformTestFromXls.java:31)
                        	at util.PerformTestFromXls.runTestCase(PerformTestFromXls.java:17)
                        	at sun.reflect.NativeMethodAccessorImpl.invoke0(Native Method)
                        	at sun.reflect.NativeMethodAccessorImpl.invoke(NativeMethodAccessorImpl.java:62)
                        	at sun.reflect.DelegatingMethodAccessorImpl.invoke(DelegatingMethodAccessorImpl.java:43)
                        	at java.lang.reflect.Method.invoke(Method.java:498)
                        	at org.testng.internal.MethodInvocationHelper.invokeMethod(MethodInvocationHelper.java:80)
                        	at org.testng.internal.Invoker.invokeMethod(Invoker.java:714)
                        	at org.testng.internal.Invoker.invokeTestMethod(Invoker.java:901)
                        	at org.testng.internal.Invoker.invokeTestMethods(Invoker.java:1231)
                        	at org.testng.internal.TestMethodWorker.invokeTestMethods(TestMethodWorker.java:127)
                        	at org.testng.internal.TestMethodWorker.run(TestMethodWorker.java:111)
                        	at org.testng.TestRunner.privateRun(TestRunner.java:767)
                        	at org.testng.TestRunner.run(TestRunner.java:617)
                        	at org.testng.SuiteRunner.runTest(SuiteRunner.java:334)
                        	at org.testng.SuiteRunner.runSequentially(SuiteRunner.java:329)
                        	at org.testng.SuiteRunner.privateRun(SuiteRunner.java:291)
                        	at org.testng.SuiteRunner.run(SuiteRunner.java:240)
                        	at org.testng.SuiteRunnerWorker.runSuite(SuiteRunnerWorker.java:52)
                        	at org.testng.SuiteRunnerWorker.run(SuiteRunnerWorker.java:86)
                        	at org.testng.TestNG.runSuitesSequentially(TestNG.java:1198)
                        	at org.testng.TestNG.runSuitesSequentially(TestNG.java:1194)
                        	at org.testng.TestNG.runSuitesLocally(TestNG.java:1123)
                        	at org.testng.TestNG.run(TestNG.java:1031)
                        	at org.testng.TestNG.privateMain(TestNG.java:1338)
                        	at org.testng.TestNG.main(TestNG.java:1307)
                     </pre>
                  </div>
               </td>
            </tr>
            <tr id="unitbv.tests.TestFromXls_runTestCase_byStatus_failed_FAIL4_row"
                class="testMethodStatusFAIL">
               <td width="100%" class="firstMethodCell">
                  <a onclick="toggleDetailsVisibility('unitbv.tests.TestFromXls_runTestCase_byStatus_failed_FAIL4_details')">runTestCase(CLICK
                     
                     ,
                     
                     //a[contains(.,'Acasa')]
                     
                     ,
                     
                     Acasa)
                  </a>
               </td>
               <td nowrap="true">12:44:53</td>
               <td nowrap="true" align="right">586
                  			 ms
                  		
               </td>
               <td nowrap="true">
                  <a onclick="toggleDetailsVisibility('unitbv.tests.TestFromXls_runTestCase_byStatus_failed_FAIL4_exception')">java.lang.AssertionError: 
                     04-06_12-44-54 [ERROR] - Element //a[contains(.,'Acasa')] not found on page 
                     
                  </a>
                  					 
                  				
               </td>
               <td nowrap="true">
                  <a href="D:\testreport\screenShots" target="_blank">ScreenShot</a>
                  					 
                  				
               </td>
            </tr>
            <tr>
               <td colspan="4" class="detailsBox">
                  <div id="unitbv.tests.TestFromXls_runTestCase_byStatus_failed_FAIL4_details"
                       class="testMethodDetails">
                     <div>
                        <b>Name: </b>runTestCase
                     </div>
                     <div>
                        <b>Signature: </b>runTestCase(java.lang.String, java.lang.String, java.lang.String)[pri:0, instance:unitbv.tests.TestFromXls@2c8d66b2]
                     </div>
                     <div>
                        <b>Parameters: </b>
                        
                        CLICK
                        
                        ,
                        
                        //a[contains(.,'Acasa')]
                        
                        ,
                        
                        Acasa
                        
                        
                     </div>
                     <div>
                        <b>Start time: </b>12:44:53
                     </div>
                     <div>
                        <b>End time: </b>12:44:54
                     </div>
                     <div>
                        <b>Duration: </b>586
                        			 ms
                        		
                     </div>
                  </div>
               </td>
            </tr>
            <tr>
               <td colspan="4" class="detailsBox">
                  <div id="unitbv.tests.TestFromXls_runTestCase_byStatus_failed_FAIL4_exception"
                       class="testMethodDetails">
                     <pre style="padding: 5px; margin: 0;">java.lang.AssertionError: 04-06_12-44-54 [ERROR] - Element //a[contains(.,'Acasa')] not found on page 
                        	at org.testng.Assert.fail(Assert.java:94)
                        	at framework.TestOperations.click(TestOperations.java:56)
                        	at util.PerformTestFromXls.perform(PerformTestFromXls.java:31)
                        	at util.PerformTestFromXls.runTestCase(PerformTestFromXls.java:17)
                        	at sun.reflect.NativeMethodAccessorImpl.invoke0(Native Method)
                        	at sun.reflect.NativeMethodAccessorImpl.invoke(NativeMethodAccessorImpl.java:62)
                        	at sun.reflect.DelegatingMethodAccessorImpl.invoke(DelegatingMethodAccessorImpl.java:43)
                        	at java.lang.reflect.Method.invoke(Method.java:498)
                        	at org.testng.internal.MethodInvocationHelper.invokeMethod(MethodInvocationHelper.java:80)
                        	at org.testng.internal.Invoker.invokeMethod(Invoker.java:714)
                        	at org.testng.internal.Invoker.invokeTestMethod(Invoker.java:901)
                        	at org.testng.internal.Invoker.invokeTestMethods(Invoker.java:1231)
                        	at org.testng.internal.TestMethodWorker.invokeTestMethods(TestMethodWorker.java:127)
                        	at org.testng.internal.TestMethodWorker.run(TestMethodWorker.java:111)
                        	at org.testng.TestRunner.privateRun(TestRunner.java:767)
                        	at org.testng.TestRunner.run(TestRunner.java:617)
                        	at org.testng.SuiteRunner.runTest(SuiteRunner.java:334)
                        	at org.testng.SuiteRunner.runSequentially(SuiteRunner.java:329)
                        	at org.testng.SuiteRunner.privateRun(SuiteRunner.java:291)
                        	at org.testng.SuiteRunner.run(SuiteRunner.java:240)
                        	at org.testng.SuiteRunnerWorker.runSuite(SuiteRunnerWorker.java:52)
                        	at org.testng.SuiteRunnerWorker.run(SuiteRunnerWorker.java:86)
                        	at org.testng.TestNG.runSuitesSequentially(TestNG.java:1198)
                        	at org.testng.TestNG.runSuitesSequentially(TestNG.java:1194)
                        	at org.testng.TestNG.runSuitesLocally(TestNG.java:1123)
                        	at org.testng.TestNG.run(TestNG.java:1031)
                        	at org.testng.TestNG.privateMain(TestNG.java:1338)
                        	at org.testng.TestNG.main(TestNG.java:1307)
                     </pre>
                  </div>
               </td>
            </tr>
            <tr id="unitbv.tests.TestFromXls_runTestCase_byStatus_failed_FAIL5_row"
                class="testMethodStatusFAIL">
               <td width="100%" class="firstMethodCell">
                  <a onclick="toggleDetailsVisibility('unitbv.tests.TestFromXls_runTestCase_byStatus_failed_FAIL5_details')">runTestCase(CLICK
                     
                     ,
                     
                     //a[contains(.,'Secretariat')]
                     
                     ,
                     
                     Secretariat)
                  </a>
               </td>
               <td nowrap="true">12:44:54</td>
               <td nowrap="true" align="right">672
                  			 ms
                  		
               </td>
               <td nowrap="true">
                  <a onclick="toggleDetailsVisibility('unitbv.tests.TestFromXls_runTestCase_byStatus_failed_FAIL5_exception')">java.lang.AssertionError: 
                     04-06_12-44-54 [ERROR] - Element //a[contains(.,'Secretariat')] not found on page 
                     
                  </a>
                  					 
                  				
               </td>
               <td nowrap="true">
                  <a href="D:\testreport\screenShots" target="_blank">ScreenShot</a>
                  					 
                  				
               </td>
            </tr>
            <tr>
               <td colspan="4" class="detailsBox">
                  <div id="unitbv.tests.TestFromXls_runTestCase_byStatus_failed_FAIL5_details"
                       class="testMethodDetails">
                     <div>
                        <b>Name: </b>runTestCase
                     </div>
                     <div>
                        <b>Signature: </b>runTestCase(java.lang.String, java.lang.String, java.lang.String)[pri:0, instance:unitbv.tests.TestFromXls@2c8d66b2]
                     </div>
                     <div>
                        <b>Parameters: </b>
                        
                        CLICK
                        
                        ,
                        
                        //a[contains(.,'Secretariat')]
                        
                        ,
                        
                        Secretariat
                        
                        
                     </div>
                     <div>
                        <b>Start time: </b>12:44:54
                     </div>
                     <div>
                        <b>End time: </b>12:44:54
                     </div>
                     <div>
                        <b>Duration: </b>672
                        			 ms
                        		
                     </div>
                  </div>
               </td>
            </tr>
            <tr>
               <td colspan="4" class="detailsBox">
                  <div id="unitbv.tests.TestFromXls_runTestCase_byStatus_failed_FAIL5_exception"
                       class="testMethodDetails">
                     <pre style="padding: 5px; margin: 0;">java.lang.AssertionError: 04-06_12-44-54 [ERROR] - Element //a[contains(.,'Secretariat')] not found on page 
                        	at org.testng.Assert.fail(Assert.java:94)
                        	at framework.TestOperations.click(TestOperations.java:56)
                        	at util.PerformTestFromXls.perform(PerformTestFromXls.java:31)
                        	at util.PerformTestFromXls.runTestCase(PerformTestFromXls.java:17)
                        	at sun.reflect.NativeMethodAccessorImpl.invoke0(Native Method)
                        	at sun.reflect.NativeMethodAccessorImpl.invoke(NativeMethodAccessorImpl.java:62)
                        	at sun.reflect.DelegatingMethodAccessorImpl.invoke(DelegatingMethodAccessorImpl.java:43)
                        	at java.lang.reflect.Method.invoke(Method.java:498)
                        	at org.testng.internal.MethodInvocationHelper.invokeMethod(MethodInvocationHelper.java:80)
                        	at org.testng.internal.Invoker.invokeMethod(Invoker.java:714)
                        	at org.testng.internal.Invoker.invokeTestMethod(Invoker.java:901)
                        	at org.testng.internal.Invoker.invokeTestMethods(Invoker.java:1231)
                        	at org.testng.internal.TestMethodWorker.invokeTestMethods(TestMethodWorker.java:127)
                        	at org.testng.internal.TestMethodWorker.run(TestMethodWorker.java:111)
                        	at org.testng.TestRunner.privateRun(TestRunner.java:767)
                        	at org.testng.TestRunner.run(TestRunner.java:617)
                        	at org.testng.SuiteRunner.runTest(SuiteRunner.java:334)
                        	at org.testng.SuiteRunner.runSequentially(SuiteRunner.java:329)
                        	at org.testng.SuiteRunner.privateRun(SuiteRunner.java:291)
                        	at org.testng.SuiteRunner.run(SuiteRunner.java:240)
                        	at org.testng.SuiteRunnerWorker.runSuite(SuiteRunnerWorker.java:52)
                        	at org.testng.SuiteRunnerWorker.run(SuiteRunnerWorker.java:86)
                        	at org.testng.TestNG.runSuitesSequentially(TestNG.java:1198)
                        	at org.testng.TestNG.runSuitesSequentially(TestNG.java:1194)
                        	at org.testng.TestNG.runSuitesLocally(TestNG.java:1123)
                        	at org.testng.TestNG.run(TestNG.java:1031)
                        	at org.testng.TestNG.privateMain(TestNG.java:1338)
                        	at org.testng.TestNG.main(TestNG.java:1307)
                     </pre>
                  </div>
               </td>
            </tr>
            <tr id="unitbv.tests.TestFromXls_runTestCase_byStatus_failed_FAIL6_row"
                class="testMethodStatusFAIL">
               <td width="100%" class="firstMethodCell">
                  <a onclick="toggleDetailsVisibility('unitbv.tests.TestFromXls_runTestCase_byStatus_failed_FAIL6_details')">runTestCase(ASERT_ELEMENT_PRESENT
                     
                     ,
                     
                     //a[@href='/secretariat/notelemele'][contains(.,'Notele mele')]
                     
                     ,
                     
                     Notele mele)
                  </a>
               </td>
               <td nowrap="true">12:44:54</td>
               <td nowrap="true" align="right">611
                  			 ms
                  		
               </td>
               <td nowrap="true">
                  <a onclick="toggleDetailsVisibility('unitbv.tests.TestFromXls_runTestCase_byStatus_failed_FAIL6_exception')">java.lang.AssertionError: 
                     04-06_12-44-55 [ERROR] - Element //a[@href='/secretariat/notelemele'][contains(.,'Notele mele')] not found on page
                     
                  </a>
                  					 
                  				
               </td>
               <td nowrap="true">
                  <a href="D:\testreport\screenShots" target="_blank">ScreenShot</a>
                  					 
                  				
               </td>
            </tr>
            <tr>
               <td colspan="4" class="detailsBox">
                  <div id="unitbv.tests.TestFromXls_runTestCase_byStatus_failed_FAIL6_details"
                       class="testMethodDetails">
                     <div>
                        <b>Name: </b>runTestCase
                     </div>
                     <div>
                        <b>Signature: </b>runTestCase(java.lang.String, java.lang.String, java.lang.String)[pri:0, instance:unitbv.tests.TestFromXls@2c8d66b2]
                     </div>
                     <div>
                        <b>Parameters: </b>
                        
                        ASERT_ELEMENT_PRESENT
                        
                        ,
                        
                        //a[@href='/secretariat/notelemele'][contains(.,'Notele mele')]
                        
                        ,
                        
                        Notele mele
                        
                        
                     </div>
                     <div>
                        <b>Start time: </b>12:44:54
                     </div>
                     <div>
                        <b>End time: </b>12:44:55
                     </div>
                     <div>
                        <b>Duration: </b>611
                        			 ms
                        		
                     </div>
                  </div>
               </td>
            </tr>
            <tr>
               <td colspan="4" class="detailsBox">
                  <div id="unitbv.tests.TestFromXls_runTestCase_byStatus_failed_FAIL6_exception"
                       class="testMethodDetails">
                     <pre style="padding: 5px; margin: 0;">java.lang.AssertionError: 04-06_12-44-55 [ERROR] - Element //a[@href='/secretariat/notelemele'][contains(.,'Notele mele')]
                        not found on page
                        	at org.testng.Assert.fail(Assert.java:94)
                        	at framework.TestOperations.assertElementPresent(TestOperations.java:244)
                        	at util.PerformTestFromXls.perform(PerformTestFromXls.java:40)
                        	at util.PerformTestFromXls.runTestCase(PerformTestFromXls.java:17)
                        	at sun.reflect.NativeMethodAccessorImpl.invoke0(Native Method)
                        	at sun.reflect.NativeMethodAccessorImpl.invoke(NativeMethodAccessorImpl.java:62)
                        	at sun.reflect.DelegatingMethodAccessorImpl.invoke(DelegatingMethodAccessorImpl.java:43)
                        	at java.lang.reflect.Method.invoke(Method.java:498)
                        	at org.testng.internal.MethodInvocationHelper.invokeMethod(MethodInvocationHelper.java:80)
                        	at org.testng.internal.Invoker.invokeMethod(Invoker.java:714)
                        	at org.testng.internal.Invoker.invokeTestMethod(Invoker.java:901)
                        	at org.testng.internal.Invoker.invokeTestMethods(Invoker.java:1231)
                        	at org.testng.internal.TestMethodWorker.invokeTestMethods(TestMethodWorker.java:127)
                        	at org.testng.internal.TestMethodWorker.run(TestMethodWorker.java:111)
                        	at org.testng.TestRunner.privateRun(TestRunner.java:767)
                        	at org.testng.TestRunner.run(TestRunner.java:617)
                        	at org.testng.SuiteRunner.runTest(SuiteRunner.java:334)
                        	at org.testng.SuiteRunner.runSequentially(SuiteRunner.java:329)
                        	at org.testng.SuiteRunner.privateRun(SuiteRunner.java:291)
                        	at org.testng.SuiteRunner.run(SuiteRunner.java:240)
                        	at org.testng.SuiteRunnerWorker.runSuite(SuiteRunnerWorker.java:52)
                        	at org.testng.SuiteRunnerWorker.run(SuiteRunnerWorker.java:86)
                        	at org.testng.TestNG.runSuitesSequentially(TestNG.java:1198)
                        	at org.testng.TestNG.runSuitesSequentially(TestNG.java:1194)
                        	at org.testng.TestNG.runSuitesLocally(TestNG.java:1123)
                        	at org.testng.TestNG.run(TestNG.java:1031)
                        	at org.testng.TestNG.privateMain(TestNG.java:1338)
                        	at org.testng.TestNG.main(TestNG.java:1307)
                     </pre>
                  </div>
               </td>
            </tr>
            <tr id="unitbv.tests.TestFromXls_closeDriver_byStatus_failed_FAIL7_row"
                class="testMethodStatusFAIL testMethodStatusCONF">
               <td width="100%" class="firstMethodCell">
                  <a onclick="toggleDetailsVisibility('unitbv.tests.TestFromXls_closeDriver_byStatus_failed_FAIL7_details')">closeDriver()</a>
               </td>
               <td nowrap="true">12:44:55</td>
               <td nowrap="true" align="right">0
                  			 ms
                  		
               </td>
               <td nowrap="true">
                  <a onclick="toggleDetailsVisibility('unitbv.tests.TestFromXls_closeDriver_byStatus_failed_FAIL7_exception')">org.openqa.selenium.NoSuchSessionException: 
                     Tried to run command without establishing a connection
                     Build info: version: '3.141.59', revision: 'e82be7d358', time: '2018-11-14T08:17:03'
                     System info: host: 'PRO', ip: '10.146.1.152', os.name: 'Windows 10', os.arch: 'amd64', os.version: '10.0', java.version: '1.8.0_191'
                     Driver info: org.openqa.selenium.firefox.FirefoxDriver
                     Capabilities {acceptInsecureCerts: true, browserName: firefox, browserVersion: 67.0, javascriptEnabled: true, moz:accessibilityChecks:
                     false, moz:buildID: 20190516215225, moz:geckodriverVersion: 0.24.0, moz:headless: false, moz:processID: 20824, moz:profile:
                     C:\Users\PC\AppData\Local\T..., moz:shutdownTimeout: 60000, moz:useNonSpecCompliantPointerOrigin: false, moz:webdriverClick:
                     true, pageLoadStrategy: normal, platform: WINDOWS, platformName: WINDOWS, platformVersion: 10.0, rotatable: false, setWindowRect:
                     true, strictFileInteractability: false, timeouts: {implicit: 0, pageLoad: 300000, script: 30000}, unhandledPromptBehavior:
                     dismiss and notify}
                     Session ID: 67e207b6-b05a-4ec6-b199-362d94924384
                     
                  </a>
                  					 
                  				
               </td>
               <td nowrap="true">
                  <a href="D:\testreport\screenShots" target="_blank">ScreenShot</a>
                  					 
                  				
               </td>
            </tr>
            <tr>
               <td colspan="4" class="detailsBox">
                  <div id="unitbv.tests.TestFromXls_closeDriver_byStatus_failed_FAIL7_details"
                       class="testMethodDetails">
                     <div>
                        <b>Name: </b>closeDriver
                     </div>
                     <div>
                        <b>Signature: </b>closeDriver()[pri:0, instance:unitbv.tests.TestFromXls@2c8d66b2]
                     </div>
                     <div>
                        <b>Start time: </b>12:44:55
                     </div>
                     <div>
                        <b>End time: </b>12:44:55
                     </div>
                     <div>
                        <b>Duration: </b>0
                        			 ms
                        		
                     </div>
                  </div>
               </td>
            </tr>
            <tr>
               <td colspan="4" class="detailsBox">
                  <div id="unitbv.tests.TestFromXls_closeDriver_byStatus_failed_FAIL7_exception"
                       class="testMethodDetails">
                     <pre style="padding: 5px; margin: 0;">org.openqa.selenium.NoSuchSessionException: Tried to run command without establishing a connection
                        Build info: version: '3.141.59', revision: 'e82be7d358', time: '2018-11-14T08:17:03'
                        System info: host: 'PRO', ip: '10.146.1.152', os.name: 'Windows 10', os.arch: 'amd64', os.version: '10.0', java.version: '1.8.0_191'
                        Driver info: org.openqa.selenium.firefox.FirefoxDriver
                        Capabilities {acceptInsecureCerts: true, browserName: firefox, browserVersion: 67.0, javascriptEnabled: true, moz:accessibilityChecks:
                        false, moz:buildID: 20190516215225, moz:geckodriverVersion: 0.24.0, moz:headless: false, moz:processID: 20824, moz:profile:
                        C:\Users\PC\AppData\Local\T..., moz:shutdownTimeout: 60000, moz:useNonSpecCompliantPointerOrigin: false, moz:webdriverClick:
                        true, pageLoadStrategy: normal, platform: WINDOWS, platformName: WINDOWS, platformVersion: 10.0, rotatable: false, setWindowRect:
                        true, strictFileInteractability: false, timeouts: {implicit: 0, pageLoad: 300000, script: 30000}, unhandledPromptBehavior:
                        dismiss and notify}
                        Session ID: 67e207b6-b05a-4ec6-b199-362d94924384
                        	at sun.reflect.NativeConstructorAccessorImpl.newInstance0(Native Method)
                        	at sun.reflect.NativeConstructorAccessorImpl.newInstance(NativeConstructorAccessorImpl.java:62)
                        	at sun.reflect.DelegatingConstructorAccessorImpl.newInstance(DelegatingConstructorAccessorImpl.java:45)
                        	at java.lang.reflect.Constructor.newInstance(Constructor.java:423)
                        	at org.openqa.selenium.remote.http.W3CHttpResponseCodec.createException(W3CHttpResponseCodec.java:187)
                        	at org.openqa.selenium.remote.http.W3CHttpResponseCodec.decode(W3CHttpResponseCodec.java:122)
                        	at org.openqa.selenium.remote.http.W3CHttpResponseCodec.decode(W3CHttpResponseCodec.java:49)
                        	at org.openqa.selenium.remote.HttpCommandExecutor.execute(HttpCommandExecutor.java:158)
                        	at org.openqa.selenium.remote.service.DriverCommandExecutor.execute(DriverCommandExecutor.java:83)
                        	at org.openqa.selenium.remote.RemoteWebDriver.execute(RemoteWebDriver.java:552)
                        	at org.openqa.selenium.remote.RemoteWebDriver.execute(RemoteWebDriver.java:609)
                        	at org.openqa.selenium.remote.RemoteWebDriver.close(RemoteWebDriver.java:442)
                        	at framework.InitWebDriver.closeDriver(InitWebDriver.java:71)
                        	at sun.reflect.NativeMethodAccessorImpl.invoke0(Native Method)
                        	at sun.reflect.NativeMethodAccessorImpl.invoke(NativeMethodAccessorImpl.java:62)
                        	at sun.reflect.DelegatingMethodAccessorImpl.invoke(DelegatingMethodAccessorImpl.java:43)
                        	at java.lang.reflect.Method.invoke(Method.java:498)
                        	at org.testng.internal.MethodInvocationHelper.invokeMethod(MethodInvocationHelper.java:80)
                        	at org.testng.internal.Invoker.invokeConfigurationMethod(Invoker.java:564)
                        	at org.testng.internal.Invoker.invokeConfigurations(Invoker.java:213)
                        	at org.testng.internal.Invoker.invokeConfigurations(Invoker.java:138)
                        	at org.testng.SuiteRunner.privateRun(SuiteRunner.java:308)
                        	at org.testng.SuiteRunner.run(SuiteRunner.java:240)
                        	at org.testng.SuiteRunnerWorker.runSuite(SuiteRunnerWorker.java:52)
                        	at org.testng.SuiteRunnerWorker.run(SuiteRunnerWorker.java:86)
                        	at org.testng.TestNG.runSuitesSequentially(TestNG.java:1198)
                        	at org.testng.TestNG.runSuitesSequentially(TestNG.java:1194)
                        	at org.testng.TestNG.runSuitesLocally(TestNG.java:1123)
                        	at org.testng.TestNG.run(TestNG.java:1031)
                        	at org.testng.TestNG.privateMain(TestNG.java:1338)
                        	at org.testng.TestNG.main(TestNG.java:1307)
                     </pre>
                  </div>
               </td>
            </tr>
            <tr id="unitbv.tests.TestFromXls_openDriver_byStatus_passed_PASS1_row"
                class="testMethodStatusPASS testMethodStatusCONF">
               <td width="100%" class="firstMethodCell">
                  <a onclick="toggleDetailsVisibility('unitbv.tests.TestFromXls_openDriver_byStatus_passed_PASS1_details')">openDriver()</a>
               </td>
               <td nowrap="true">12:40:39</td>
               <td nowrap="true" align="right">4
                  				s
                  			
               </td>
               <td nowrap="true">
                  					 
                  				
               </td>
               <td nowrap="true">
                  					 
                  				
               </td>
            </tr>
            <tr>
               <td colspan="4" class="detailsBox">
                  <div id="unitbv.tests.TestFromXls_openDriver_byStatus_passed_PASS1_details"
                       class="testMethodDetails">
                     <div>
                        <b>Name: </b>openDriver
                     </div>
                     <div>
                        <b>Signature: </b>openDriver()[pri:0, instance:unitbv.tests.TestFromXls@2c8d66b2]
                     </div>
                     <div>
                        <b>Start time: </b>12:40:39
                     </div>
                     <div>
                        <b>End time: </b>12:40:43
                     </div>
                     <div>
                        <b>Duration: </b>4
                        				s
                        			
                     </div>
                  </div>
               </td>
            </tr>
            <tr></tr>
            <tr id="unitbv.tests.TestFromXls_runTestCase_byStatus_passed_PASS2_row"
                class="testMethodStatusPASS">
               <td width="100%" class="firstMethodCell">
                  <a onclick="toggleDetailsVisibility('unitbv.tests.TestFromXls_runTestCase_byStatus_passed_PASS2_details')">runTestCase(GO_TO_URL
                     
                     ,
                     
                     
                     
                     ,
                     
                     https://intranet.unitbv.ro/)
                  </a>
               </td>
               <td nowrap="true">12:40:44</td>
               <td nowrap="true" align="right">4
                  				m
                  			6
                  				s
                  			
               </td>
               <td nowrap="true">
                  					 
                  				
               </td>
               <td nowrap="true">
                  					 
                  				
               </td>
            </tr>
            <tr>
               <td colspan="4" class="detailsBox">
                  <div id="unitbv.tests.TestFromXls_runTestCase_byStatus_passed_PASS2_details"
                       class="testMethodDetails">
                     <div>
                        <b>Name: </b>runTestCase
                     </div>
                     <div>
                        <b>Signature: </b>runTestCase(java.lang.String, java.lang.String, java.lang.String)[pri:0, instance:unitbv.tests.TestFromXls@2c8d66b2]
                     </div>
                     <div>
                        <b>Parameters: </b>
                        
                        GO_TO_URL
                        
                        ,
                        
                        
                        
                        ,
                        
                        https://intranet.unitbv.ro/
                        
                        
                     </div>
                     <div>
                        <b>Start time: </b>12:40:44
                     </div>
                     <div>
                        <b>End time: </b>12:44:50
                     </div>
                     <div>
                        <b>Duration: </b>4
                        				m
                        			6
                        				s
                        			
                     </div>
                  </div>
               </td>
            </tr>
            <tr></tr>
            <tr id="unitbv.tests.TestFromXls_runTestCase_byStatus_passed_PASS3_row"
                class="testMethodStatusPASS">
               <td width="100%" class="firstMethodCell">
                  <a onclick="toggleDetailsVisibility('unitbv.tests.TestFromXls_runTestCase_byStatus_passed_PASS3_details')">runTestCase(WAIT
                     
                     ,
                     
                     
                     
                     ,
                     
                     1)
                  </a>
               </td>
               <td nowrap="true">12:44:50</td>
               <td nowrap="true" align="right">101
                  			 ms
                  		
               </td>
               <td nowrap="true">
                  					 
                  				
               </td>
               <td nowrap="true">
                  					 
                  				
               </td>
            </tr>
            <tr>
               <td colspan="4" class="detailsBox">
                  <div id="unitbv.tests.TestFromXls_runTestCase_byStatus_passed_PASS3_details"
                       class="testMethodDetails">
                     <div>
                        <b>Name: </b>runTestCase
                     </div>
                     <div>
                        <b>Signature: </b>runTestCase(java.lang.String, java.lang.String, java.lang.String)[pri:0, instance:unitbv.tests.TestFromXls@2c8d66b2]
                     </div>
                     <div>
                        <b>Parameters: </b>
                        
                        WAIT
                        
                        ,
                        
                        
                        
                        ,
                        
                        1
                        
                        
                     </div>
                     <div>
                        <b>Start time: </b>12:44:50
                     </div>
                     <div>
                        <b>End time: </b>12:44:50
                     </div>
                     <div>
                        <b>Duration: </b>101
                        			 ms
                        		
                     </div>
                  </div>
               </td>
            </tr>
            <tr></tr>
         </table>
      </div>
      <div id="testMethodsByClass">
         <table class="testMethodsTable" cellpadding="0" cellspacing="0">
            <tr>
               <td colspan="4">
                  <h3 style="display: inline;">unitbv.tests.TestFromXls</h3>
               </td>
            </tr>
            <tr class="methodsTableHeader">
               <td width="100%">Name</td>
               <td nowrap="true">Started</td>
               <td nowrap="true">Duration</td>
               <td>Exception</td>
               <td>ScreenShots</td>
            </tr>
            <tr id="unitbv.tests.TestFromXls_openDriver_byClass_PASS1_row"
                class="testMethodStatusPASS testMethodStatusCONF">
               <td width="100%" class="firstMethodCell">
                  <a onclick="toggleDetailsVisibility('unitbv.tests.TestFromXls_openDriver_byClass_PASS1_details')">openDriver()</a>
               </td>
               <td nowrap="true">12:40:39</td>
               <td nowrap="true" align="right">4
                  				s
                  			
               </td>
               <td nowrap="true">
                  					 
                  				
               </td>
               <td nowrap="true">
                  					 
                  				
               </td>
            </tr>
            <tr>
               <td colspan="4" class="detailsBox">
                  <div id="unitbv.tests.TestFromXls_openDriver_byClass_PASS1_details"
                       class="testMethodDetails">
                     <div>
                        <b>Name: </b>openDriver
                     </div>
                     <div>
                        <b>Signature: </b>openDriver()[pri:0, instance:unitbv.tests.TestFromXls@2c8d66b2]
                     </div>
                     <div>
                        <b>Start time: </b>12:40:39
                     </div>
                     <div>
                        <b>End time: </b>12:40:43
                     </div>
                     <div>
                        <b>Duration: </b>4
                        				s
                        			
                     </div>
                  </div>
               </td>
            </tr>
            <tr></tr>
            <tr id="unitbv.tests.TestFromXls_runTestCase_byClass_PASS2_row"
                class="testMethodStatusPASS">
               <td width="100%" class="firstMethodCell">
                  <a onclick="toggleDetailsVisibility('unitbv.tests.TestFromXls_runTestCase_byClass_PASS2_details')">runTestCase(GO_TO_URL
                     
                     ,
                     
                     
                     
                     ,
                     
                     https://intranet.unitbv.ro/)
                  </a>
               </td>
               <td nowrap="true">12:40:44</td>
               <td nowrap="true" align="right">4
                  				m
                  			6
                  				s
                  			
               </td>
               <td nowrap="true">
                  					 
                  				
               </td>
               <td nowrap="true">
                  					 
                  				
               </td>
            </tr>
            <tr>
               <td colspan="4" class="detailsBox">
                  <div id="unitbv.tests.TestFromXls_runTestCase_byClass_PASS2_details"
                       class="testMethodDetails">
                     <div>
                        <b>Name: </b>runTestCase
                     </div>
                     <div>
                        <b>Signature: </b>runTestCase(java.lang.String, java.lang.String, java.lang.String)[pri:0, instance:unitbv.tests.TestFromXls@2c8d66b2]
                     </div>
                     <div>
                        <b>Parameters: </b>
                        
                        GO_TO_URL
                        
                        ,
                        
                        
                        
                        ,
                        
                        https://intranet.unitbv.ro/
                        
                        
                     </div>
                     <div>
                        <b>Start time: </b>12:40:44
                     </div>
                     <div>
                        <b>End time: </b>12:44:50
                     </div>
                     <div>
                        <b>Duration: </b>4
                        				m
                        			6
                        				s
                        			
                     </div>
                  </div>
               </td>
            </tr>
            <tr></tr>
            <tr id="unitbv.tests.TestFromXls_runTestCase_byClass_PASS3_row"
                class="testMethodStatusPASS">
               <td width="100%" class="firstMethodCell">
                  <a onclick="toggleDetailsVisibility('unitbv.tests.TestFromXls_runTestCase_byClass_PASS3_details')">runTestCase(WAIT
                     
                     ,
                     
                     
                     
                     ,
                     
                     1)
                  </a>
               </td>
               <td nowrap="true">12:44:50</td>
               <td nowrap="true" align="right">101
                  			 ms
                  		
               </td>
               <td nowrap="true">
                  					 
                  				
               </td>
               <td nowrap="true">
                  					 
                  				
               </td>
            </tr>
            <tr>
               <td colspan="4" class="detailsBox">
                  <div id="unitbv.tests.TestFromXls_runTestCase_byClass_PASS3_details"
                       class="testMethodDetails">
                     <div>
                        <b>Name: </b>runTestCase
                     </div>
                     <div>
                        <b>Signature: </b>runTestCase(java.lang.String, java.lang.String, java.lang.String)[pri:0, instance:unitbv.tests.TestFromXls@2c8d66b2]
                     </div>
                     <div>
                        <b>Parameters: </b>
                        
                        WAIT
                        
                        ,
                        
                        
                        
                        ,
                        
                        1
                        
                        
                     </div>
                     <div>
                        <b>Start time: </b>12:44:50
                     </div>
                     <div>
                        <b>End time: </b>12:44:50
                     </div>
                     <div>
                        <b>Duration: </b>101
                        			 ms
                        		
                     </div>
                  </div>
               </td>
            </tr>
            <tr></tr>
            <tr id="unitbv.tests.TestFromXls_runTestCase_byClass_FAIL4_row"
                class="testMethodStatusFAIL">
               <td width="100%" class="firstMethodCell">
                  <a onclick="toggleDetailsVisibility('unitbv.tests.TestFromXls_runTestCase_byClass_FAIL4_details')">runTestCase(SEND_TEXT
                     
                     ,
                     
                     //input[contains(@name,'UserName')]
                     
                     ,
                     
                     petrisor.dima@student.unitbv.ro)
                  </a>
               </td>
               <td nowrap="true">12:44:50</td>
               <td nowrap="true" align="right">1
                  				s
                  			
               </td>
               <td nowrap="true">
                  <a onclick="toggleDetailsVisibility('unitbv.tests.TestFromXls_runTestCase_byClass_FAIL4_exception')">java.lang.AssertionError: 
                     04-06_12-44-52 [ERROR] - Element //input[contains(@name,'UserName')] not found on page 
                     
                  </a>
                  					 
                  				
               </td>
               <td nowrap="true">
                  <a href="D:\testreport\screenShots" target="_blank">ScreenShot</a>
                  					 
                  				
               </td>
            </tr>
            <tr>
               <td colspan="4" class="detailsBox">
                  <div id="unitbv.tests.TestFromXls_runTestCase_byClass_FAIL4_details"
                       class="testMethodDetails">
                     <div>
                        <b>Name: </b>runTestCase
                     </div>
                     <div>
                        <b>Signature: </b>runTestCase(java.lang.String, java.lang.String, java.lang.String)[pri:0, instance:unitbv.tests.TestFromXls@2c8d66b2]
                     </div>
                     <div>
                        <b>Parameters: </b>
                        
                        SEND_TEXT
                        
                        ,
                        
                        //input[contains(@name,'UserName')]
                        
                        ,
                        
                        petrisor.dima@student.unitbv.ro
                        
                        
                     </div>
                     <div>
                        <b>Start time: </b>12:44:50
                     </div>
                     <div>
                        <b>End time: </b>12:44:52
                     </div>
                     <div>
                        <b>Duration: </b>1
                        				s
                        			
                     </div>
                  </div>
               </td>
            </tr>
            <tr>
               <td colspan="4" class="detailsBox">
                  <div id="unitbv.tests.TestFromXls_runTestCase_byClass_FAIL4_exception"
                       class="testMethodDetails">
                     <pre style="padding: 5px; margin: 0;">java.lang.AssertionError: 04-06_12-44-52 [ERROR] - Element //input[contains(@name,'UserName')] not found on page 
                        	at org.testng.Assert.fail(Assert.java:94)
                        	at framework.TestOperations.sendText(TestOperations.java:149)
                        	at util.PerformTestFromXls.perform(PerformTestFromXls.java:34)
                        	at util.PerformTestFromXls.runTestCase(PerformTestFromXls.java:17)
                        	at sun.reflect.NativeMethodAccessorImpl.invoke0(Native Method)
                        	at sun.reflect.NativeMethodAccessorImpl.invoke(NativeMethodAccessorImpl.java:62)
                        	at sun.reflect.DelegatingMethodAccessorImpl.invoke(DelegatingMethodAccessorImpl.java:43)
                        	at java.lang.reflect.Method.invoke(Method.java:498)
                        	at org.testng.internal.MethodInvocationHelper.invokeMethod(MethodInvocationHelper.java:80)
                        	at org.testng.internal.Invoker.invokeMethod(Invoker.java:714)
                        	at org.testng.internal.Invoker.invokeTestMethod(Invoker.java:901)
                        	at org.testng.internal.Invoker.invokeTestMethods(Invoker.java:1231)
                        	at org.testng.internal.TestMethodWorker.invokeTestMethods(TestMethodWorker.java:127)
                        	at org.testng.internal.TestMethodWorker.run(TestMethodWorker.java:111)
                        	at org.testng.TestRunner.privateRun(TestRunner.java:767)
                        	at org.testng.TestRunner.run(TestRunner.java:617)
                        	at org.testng.SuiteRunner.runTest(SuiteRunner.java:334)
                        	at org.testng.SuiteRunner.runSequentially(SuiteRunner.java:329)
                        	at org.testng.SuiteRunner.privateRun(SuiteRunner.java:291)
                        	at org.testng.SuiteRunner.run(SuiteRunner.java:240)
                        	at org.testng.SuiteRunnerWorker.runSuite(SuiteRunnerWorker.java:52)
                        	at org.testng.SuiteRunnerWorker.run(SuiteRunnerWorker.java:86)
                        	at org.testng.TestNG.runSuitesSequentially(TestNG.java:1198)
                        	at org.testng.TestNG.runSuitesSequentially(TestNG.java:1194)
                        	at org.testng.TestNG.runSuitesLocally(TestNG.java:1123)
                        	at org.testng.TestNG.run(TestNG.java:1031)
                        	at org.testng.TestNG.privateMain(TestNG.java:1338)
                        	at org.testng.TestNG.main(TestNG.java:1307)
                     </pre>
                  </div>
               </td>
            </tr>
            <tr id="unitbv.tests.TestFromXls_runTestCase_byClass_FAIL5_row"
                class="testMethodStatusFAIL">
               <td width="100%" class="firstMethodCell">
                  <a onclick="toggleDetailsVisibility('unitbv.tests.TestFromXls_runTestCase_byClass_FAIL5_details')">runTestCase(SEND_TEXT
                     
                     ,
                     
                     //input[@type='password']
                     
                     ,
                     
                     VrTzBsDJDwFz54Q)
                  </a>
               </td>
               <td nowrap="true">12:44:52</td>
               <td nowrap="true" align="right">464
                  			 ms
                  		
               </td>
               <td nowrap="true">
                  <a onclick="toggleDetailsVisibility('unitbv.tests.TestFromXls_runTestCase_byClass_FAIL5_exception')">java.lang.AssertionError: 
                     04-06_12-44-52 [ERROR] - Element //input[@type='password'] not found on page 
                     
                  </a>
                  					 
                  				
               </td>
               <td nowrap="true">
                  <a href="D:\testreport\screenShots" target="_blank">ScreenShot</a>
                  					 
                  				
               </td>
            </tr>
            <tr>
               <td colspan="4" class="detailsBox">
                  <div id="unitbv.tests.TestFromXls_runTestCase_byClass_FAIL5_details"
                       class="testMethodDetails">
                     <div>
                        <b>Name: </b>runTestCase
                     </div>
                     <div>
                        <b>Signature: </b>runTestCase(java.lang.String, java.lang.String, java.lang.String)[pri:0, instance:unitbv.tests.TestFromXls@2c8d66b2]
                     </div>
                     <div>
                        <b>Parameters: </b>
                        
                        SEND_TEXT
                        
                        ,
                        
                        //input[@type='password']
                        
                        ,
                        
                        VrTzBsDJDwFz54Q
                        
                        
                     </div>
                     <div>
                        <b>Start time: </b>12:44:52
                     </div>
                     <div>
                        <b>End time: </b>12:44:52
                     </div>
                     <div>
                        <b>Duration: </b>464
                        			 ms
                        		
                     </div>
                  </div>
               </td>
            </tr>
            <tr>
               <td colspan="4" class="detailsBox">
                  <div id="unitbv.tests.TestFromXls_runTestCase_byClass_FAIL5_exception"
                       class="testMethodDetails">
                     <pre style="padding: 5px; margin: 0;">java.lang.AssertionError: 04-06_12-44-52 [ERROR] - Element //input[@type='password'] not found on page 
                        	at org.testng.Assert.fail(Assert.java:94)
                        	at framework.TestOperations.sendText(TestOperations.java:149)
                        	at util.PerformTestFromXls.perform(PerformTestFromXls.java:34)
                        	at util.PerformTestFromXls.runTestCase(PerformTestFromXls.java:17)
                        	at sun.reflect.NativeMethodAccessorImpl.invoke0(Native Method)
                        	at sun.reflect.NativeMethodAccessorImpl.invoke(NativeMethodAccessorImpl.java:62)
                        	at sun.reflect.DelegatingMethodAccessorImpl.invoke(DelegatingMethodAccessorImpl.java:43)
                        	at java.lang.reflect.Method.invoke(Method.java:498)
                        	at org.testng.internal.MethodInvocationHelper.invokeMethod(MethodInvocationHelper.java:80)
                        	at org.testng.internal.Invoker.invokeMethod(Invoker.java:714)
                        	at org.testng.internal.Invoker.invokeTestMethod(Invoker.java:901)
                        	at org.testng.internal.Invoker.invokeTestMethods(Invoker.java:1231)
                        	at org.testng.internal.TestMethodWorker.invokeTestMethods(TestMethodWorker.java:127)
                        	at org.testng.internal.TestMethodWorker.run(TestMethodWorker.java:111)
                        	at org.testng.TestRunner.privateRun(TestRunner.java:767)
                        	at org.testng.TestRunner.run(TestRunner.java:617)
                        	at org.testng.SuiteRunner.runTest(SuiteRunner.java:334)
                        	at org.testng.SuiteRunner.runSequentially(SuiteRunner.java:329)
                        	at org.testng.SuiteRunner.privateRun(SuiteRunner.java:291)
                        	at org.testng.SuiteRunner.run(SuiteRunner.java:240)
                        	at org.testng.SuiteRunnerWorker.runSuite(SuiteRunnerWorker.java:52)
                        	at org.testng.SuiteRunnerWorker.run(SuiteRunnerWorker.java:86)
                        	at org.testng.TestNG.runSuitesSequentially(TestNG.java:1198)
                        	at org.testng.TestNG.runSuitesSequentially(TestNG.java:1194)
                        	at org.testng.TestNG.runSuitesLocally(TestNG.java:1123)
                        	at org.testng.TestNG.run(TestNG.java:1031)
                        	at org.testng.TestNG.privateMain(TestNG.java:1338)
                        	at org.testng.TestNG.main(TestNG.java:1307)
                     </pre>
                  </div>
               </td>
            </tr>
            <tr id="unitbv.tests.TestFromXls_runTestCase_byClass_FAIL6_row"
                class="testMethodStatusFAIL">
               <td width="100%" class="firstMethodCell">
                  <a onclick="toggleDetailsVisibility('unitbv.tests.TestFromXls_runTestCase_byClass_FAIL6_details')">runTestCase(CLICK
                     
                     ,
                     
                     //a[contains(@id,'LoginButton')]
                     
                     ,)
                  </a>
               </td>
               <td nowrap="true">12:44:52</td>
               <td nowrap="true" align="right">602
                  			 ms
                  		
               </td>
               <td nowrap="true">
                  <a onclick="toggleDetailsVisibility('unitbv.tests.TestFromXls_runTestCase_byClass_FAIL6_exception')">java.lang.AssertionError: 
                     04-06_12-44-53 [ERROR] - Element //a[contains(@id,'LoginButton')] not found on page 
                     
                  </a>
                  					 
                  				
               </td>
               <td nowrap="true">
                  <a href="D:\testreport\screenShots" target="_blank">ScreenShot</a>
                  					 
                  				
               </td>
            </tr>
            <tr>
               <td colspan="4" class="detailsBox">
                  <div id="unitbv.tests.TestFromXls_runTestCase_byClass_FAIL6_details"
                       class="testMethodDetails">
                     <div>
                        <b>Name: </b>runTestCase
                     </div>
                     <div>
                        <b>Signature: </b>runTestCase(java.lang.String, java.lang.String, java.lang.String)[pri:0, instance:unitbv.tests.TestFromXls@2c8d66b2]
                     </div>
                     <div>
                        <b>Parameters: </b>
                        
                        CLICK
                        
                        ,
                        
                        //a[contains(@id,'LoginButton')]
                        
                        ,
                        
                        
                        
                        
                     </div>
                     <div>
                        <b>Start time: </b>12:44:52
                     </div>
                     <div>
                        <b>End time: </b>12:44:53
                     </div>
                     <div>
                        <b>Duration: </b>602
                        			 ms
                        		
                     </div>
                  </div>
               </td>
            </tr>
            <tr>
               <td colspan="4" class="detailsBox">
                  <div id="unitbv.tests.TestFromXls_runTestCase_byClass_FAIL6_exception"
                       class="testMethodDetails">
                     <pre style="padding: 5px; margin: 0;">java.lang.AssertionError: 04-06_12-44-53 [ERROR] - Element //a[contains(@id,'LoginButton')] not found on page 
                        	at org.testng.Assert.fail(Assert.java:94)
                        	at framework.TestOperations.click(TestOperations.java:56)
                        	at util.PerformTestFromXls.perform(PerformTestFromXls.java:31)
                        	at util.PerformTestFromXls.runTestCase(PerformTestFromXls.java:17)
                        	at sun.reflect.NativeMethodAccessorImpl.invoke0(Native Method)
                        	at sun.reflect.NativeMethodAccessorImpl.invoke(NativeMethodAccessorImpl.java:62)
                        	at sun.reflect.DelegatingMethodAccessorImpl.invoke(DelegatingMethodAccessorImpl.java:43)
                        	at java.lang.reflect.Method.invoke(Method.java:498)
                        	at org.testng.internal.MethodInvocationHelper.invokeMethod(MethodInvocationHelper.java:80)
                        	at org.testng.internal.Invoker.invokeMethod(Invoker.java:714)
                        	at org.testng.internal.Invoker.invokeTestMethod(Invoker.java:901)
                        	at org.testng.internal.Invoker.invokeTestMethods(Invoker.java:1231)
                        	at org.testng.internal.TestMethodWorker.invokeTestMethods(TestMethodWorker.java:127)
                        	at org.testng.internal.TestMethodWorker.run(TestMethodWorker.java:111)
                        	at org.testng.TestRunner.privateRun(TestRunner.java:767)
                        	at org.testng.TestRunner.run(TestRunner.java:617)
                        	at org.testng.SuiteRunner.runTest(SuiteRunner.java:334)
                        	at org.testng.SuiteRunner.runSequentially(SuiteRunner.java:329)
                        	at org.testng.SuiteRunner.privateRun(SuiteRunner.java:291)
                        	at org.testng.SuiteRunner.run(SuiteRunner.java:240)
                        	at org.testng.SuiteRunnerWorker.runSuite(SuiteRunnerWorker.java:52)
                        	at org.testng.SuiteRunnerWorker.run(SuiteRunnerWorker.java:86)
                        	at org.testng.TestNG.runSuitesSequentially(TestNG.java:1198)
                        	at org.testng.TestNG.runSuitesSequentially(TestNG.java:1194)
                        	at org.testng.TestNG.runSuitesLocally(TestNG.java:1123)
                        	at org.testng.TestNG.run(TestNG.java:1031)
                        	at org.testng.TestNG.privateMain(TestNG.java:1338)
                        	at org.testng.TestNG.main(TestNG.java:1307)
                     </pre>
                  </div>
               </td>
            </tr>
            <tr id="unitbv.tests.TestFromXls_runTestCase_byClass_FAIL7_row"
                class="testMethodStatusFAIL">
               <td width="100%" class="firstMethodCell">
                  <a onclick="toggleDetailsVisibility('unitbv.tests.TestFromXls_runTestCase_byClass_FAIL7_details')">runTestCase(CLICK
                     
                     ,
                     
                     //a[contains(.,'Acasa')]
                     
                     ,
                     
                     Acasa)
                  </a>
               </td>
               <td nowrap="true">12:44:53</td>
               <td nowrap="true" align="right">586
                  			 ms
                  		
               </td>
               <td nowrap="true">
                  <a onclick="toggleDetailsVisibility('unitbv.tests.TestFromXls_runTestCase_byClass_FAIL7_exception')">java.lang.AssertionError: 
                     04-06_12-44-54 [ERROR] - Element //a[contains(.,'Acasa')] not found on page 
                     
                  </a>
                  					 
                  				
               </td>
               <td nowrap="true">
                  <a href="D:\testreport\screenShots" target="_blank">ScreenShot</a>
                  					 
                  				
               </td>
            </tr>
            <tr>
               <td colspan="4" class="detailsBox">
                  <div id="unitbv.tests.TestFromXls_runTestCase_byClass_FAIL7_details"
                       class="testMethodDetails">
                     <div>
                        <b>Name: </b>runTestCase
                     </div>
                     <div>
                        <b>Signature: </b>runTestCase(java.lang.String, java.lang.String, java.lang.String)[pri:0, instance:unitbv.tests.TestFromXls@2c8d66b2]
                     </div>
                     <div>
                        <b>Parameters: </b>
                        
                        CLICK
                        
                        ,
                        
                        //a[contains(.,'Acasa')]
                        
                        ,
                        
                        Acasa
                        
                        
                     </div>
                     <div>
                        <b>Start time: </b>12:44:53
                     </div>
                     <div>
                        <b>End time: </b>12:44:54
                     </div>
                     <div>
                        <b>Duration: </b>586
                        			 ms
                        		
                     </div>
                  </div>
               </td>
            </tr>
            <tr>
               <td colspan="4" class="detailsBox">
                  <div id="unitbv.tests.TestFromXls_runTestCase_byClass_FAIL7_exception"
                       class="testMethodDetails">
                     <pre style="padding: 5px; margin: 0;">java.lang.AssertionError: 04-06_12-44-54 [ERROR] - Element //a[contains(.,'Acasa')] not found on page 
                        	at org.testng.Assert.fail(Assert.java:94)
                        	at framework.TestOperations.click(TestOperations.java:56)
                        	at util.PerformTestFromXls.perform(PerformTestFromXls.java:31)
                        	at util.PerformTestFromXls.runTestCase(PerformTestFromXls.java:17)
                        	at sun.reflect.NativeMethodAccessorImpl.invoke0(Native Method)
                        	at sun.reflect.NativeMethodAccessorImpl.invoke(NativeMethodAccessorImpl.java:62)
                        	at sun.reflect.DelegatingMethodAccessorImpl.invoke(DelegatingMethodAccessorImpl.java:43)
                        	at java.lang.reflect.Method.invoke(Method.java:498)
                        	at org.testng.internal.MethodInvocationHelper.invokeMethod(MethodInvocationHelper.java:80)
                        	at org.testng.internal.Invoker.invokeMethod(Invoker.java:714)
                        	at org.testng.internal.Invoker.invokeTestMethod(Invoker.java:901)
                        	at org.testng.internal.Invoker.invokeTestMethods(Invoker.java:1231)
                        	at org.testng.internal.TestMethodWorker.invokeTestMethods(TestMethodWorker.java:127)
                        	at org.testng.internal.TestMethodWorker.run(TestMethodWorker.java:111)
                        	at org.testng.TestRunner.privateRun(TestRunner.java:767)
                        	at org.testng.TestRunner.run(TestRunner.java:617)
                        	at org.testng.SuiteRunner.runTest(SuiteRunner.java:334)
                        	at org.testng.SuiteRunner.runSequentially(SuiteRunner.java:329)
                        	at org.testng.SuiteRunner.privateRun(SuiteRunner.java:291)
                        	at org.testng.SuiteRunner.run(SuiteRunner.java:240)
                        	at org.testng.SuiteRunnerWorker.runSuite(SuiteRunnerWorker.java:52)
                        	at org.testng.SuiteRunnerWorker.run(SuiteRunnerWorker.java:86)
                        	at org.testng.TestNG.runSuitesSequentially(TestNG.java:1198)
                        	at org.testng.TestNG.runSuitesSequentially(TestNG.java:1194)
                        	at org.testng.TestNG.runSuitesLocally(TestNG.java:1123)
                        	at org.testng.TestNG.run(TestNG.java:1031)
                        	at org.testng.TestNG.privateMain(TestNG.java:1338)
                        	at org.testng.TestNG.main(TestNG.java:1307)
                     </pre>
                  </div>
               </td>
            </tr>
            <tr id="unitbv.tests.TestFromXls_runTestCase_byClass_FAIL8_row"
                class="testMethodStatusFAIL">
               <td width="100%" class="firstMethodCell">
                  <a onclick="toggleDetailsVisibility('unitbv.tests.TestFromXls_runTestCase_byClass_FAIL8_details')">runTestCase(CLICK
                     
                     ,
                     
                     //a[contains(.,'Secretariat')]
                     
                     ,
                     
                     Secretariat)
                  </a>
               </td>
               <td nowrap="true">12:44:54</td>
               <td nowrap="true" align="right">672
                  			 ms
                  		
               </td>
               <td nowrap="true">
                  <a onclick="toggleDetailsVisibility('unitbv.tests.TestFromXls_runTestCase_byClass_FAIL8_exception')">java.lang.AssertionError: 
                     04-06_12-44-54 [ERROR] - Element //a[contains(.,'Secretariat')] not found on page 
                     
                  </a>
                  					 
                  				
               </td>
               <td nowrap="true">
                  <a href="D:\testreport\screenShots" target="_blank">ScreenShot</a>
                  					 
                  				
               </td>
            </tr>
            <tr>
               <td colspan="4" class="detailsBox">
                  <div id="unitbv.tests.TestFromXls_runTestCase_byClass_FAIL8_details"
                       class="testMethodDetails">
                     <div>
                        <b>Name: </b>runTestCase
                     </div>
                     <div>
                        <b>Signature: </b>runTestCase(java.lang.String, java.lang.String, java.lang.String)[pri:0, instance:unitbv.tests.TestFromXls@2c8d66b2]
                     </div>
                     <div>
                        <b>Parameters: </b>
                        
                        CLICK
                        
                        ,
                        
                        //a[contains(.,'Secretariat')]
                        
                        ,
                        
                        Secretariat
                        
                        
                     </div>
                     <div>
                        <b>Start time: </b>12:44:54
                     </div>
                     <div>
                        <b>End time: </b>12:44:54
                     </div>
                     <div>
                        <b>Duration: </b>672
                        			 ms
                        		
                     </div>
                  </div>
               </td>
            </tr>
            <tr>
               <td colspan="4" class="detailsBox">
                  <div id="unitbv.tests.TestFromXls_runTestCase_byClass_FAIL8_exception"
                       class="testMethodDetails">
                     <pre style="padding: 5px; margin: 0;">java.lang.AssertionError: 04-06_12-44-54 [ERROR] - Element //a[contains(.,'Secretariat')] not found on page 
                        	at org.testng.Assert.fail(Assert.java:94)
                        	at framework.TestOperations.click(TestOperations.java:56)
                        	at util.PerformTestFromXls.perform(PerformTestFromXls.java:31)
                        	at util.PerformTestFromXls.runTestCase(PerformTestFromXls.java:17)
                        	at sun.reflect.NativeMethodAccessorImpl.invoke0(Native Method)
                        	at sun.reflect.NativeMethodAccessorImpl.invoke(NativeMethodAccessorImpl.java:62)
                        	at sun.reflect.DelegatingMethodAccessorImpl.invoke(DelegatingMethodAccessorImpl.java:43)
                        	at java.lang.reflect.Method.invoke(Method.java:498)
                        	at org.testng.internal.MethodInvocationHelper.invokeMethod(MethodInvocationHelper.java:80)
                        	at org.testng.internal.Invoker.invokeMethod(Invoker.java:714)
                        	at org.testng.internal.Invoker.invokeTestMethod(Invoker.java:901)
                        	at org.testng.internal.Invoker.invokeTestMethods(Invoker.java:1231)
                        	at org.testng.internal.TestMethodWorker.invokeTestMethods(TestMethodWorker.java:127)
                        	at org.testng.internal.TestMethodWorker.run(TestMethodWorker.java:111)
                        	at org.testng.TestRunner.privateRun(TestRunner.java:767)
                        	at org.testng.TestRunner.run(TestRunner.java:617)
                        	at org.testng.SuiteRunner.runTest(SuiteRunner.java:334)
                        	at org.testng.SuiteRunner.runSequentially(SuiteRunner.java:329)
                        	at org.testng.SuiteRunner.privateRun(SuiteRunner.java:291)
                        	at org.testng.SuiteRunner.run(SuiteRunner.java:240)
                        	at org.testng.SuiteRunnerWorker.runSuite(SuiteRunnerWorker.java:52)
                        	at org.testng.SuiteRunnerWorker.run(SuiteRunnerWorker.java:86)
                        	at org.testng.TestNG.runSuitesSequentially(TestNG.java:1198)
                        	at org.testng.TestNG.runSuitesSequentially(TestNG.java:1194)
                        	at org.testng.TestNG.runSuitesLocally(TestNG.java:1123)
                        	at org.testng.TestNG.run(TestNG.java:1031)
                        	at org.testng.TestNG.privateMain(TestNG.java:1338)
                        	at org.testng.TestNG.main(TestNG.java:1307)
                     </pre>
                  </div>
               </td>
            </tr>
            <tr id="unitbv.tests.TestFromXls_runTestCase_byClass_FAIL9_row"
                class="testMethodStatusFAIL">
               <td width="100%" class="firstMethodCell">
                  <a onclick="toggleDetailsVisibility('unitbv.tests.TestFromXls_runTestCase_byClass_FAIL9_details')">runTestCase(ASERT_ELEMENT_PRESENT
                     
                     ,
                     
                     //a[@href='/secretariat/notelemele'][contains(.,'Notele mele')]
                     
                     ,
                     
                     Notele mele)
                  </a>
               </td>
               <td nowrap="true">12:44:54</td>
               <td nowrap="true" align="right">611
                  			 ms
                  		
               </td>
               <td nowrap="true">
                  <a onclick="toggleDetailsVisibility('unitbv.tests.TestFromXls_runTestCase_byClass_FAIL9_exception')">java.lang.AssertionError: 
                     04-06_12-44-55 [ERROR] - Element //a[@href='/secretariat/notelemele'][contains(.,'Notele mele')] not found on page
                     
                  </a>
                  					 
                  				
               </td>
               <td nowrap="true">
                  <a href="D:\testreport\screenShots" target="_blank">ScreenShot</a>
                  					 
                  				
               </td>
            </tr>
            <tr>
               <td colspan="4" class="detailsBox">
                  <div id="unitbv.tests.TestFromXls_runTestCase_byClass_FAIL9_details"
                       class="testMethodDetails">
                     <div>
                        <b>Name: </b>runTestCase
                     </div>
                     <div>
                        <b>Signature: </b>runTestCase(java.lang.String, java.lang.String, java.lang.String)[pri:0, instance:unitbv.tests.TestFromXls@2c8d66b2]
                     </div>
                     <div>
                        <b>Parameters: </b>
                        
                        ASERT_ELEMENT_PRESENT
                        
                        ,
                        
                        //a[@href='/secretariat/notelemele'][contains(.,'Notele mele')]
                        
                        ,
                        
                        Notele mele
                        
                        
                     </div>
                     <div>
                        <b>Start time: </b>12:44:54
                     </div>
                     <div>
                        <b>End time: </b>12:44:55
                     </div>
                     <div>
                        <b>Duration: </b>611
                        			 ms
                        		
                     </div>
                  </div>
               </td>
            </tr>
            <tr>
               <td colspan="4" class="detailsBox">
                  <div id="unitbv.tests.TestFromXls_runTestCase_byClass_FAIL9_exception"
                       class="testMethodDetails">
                     <pre style="padding: 5px; margin: 0;">java.lang.AssertionError: 04-06_12-44-55 [ERROR] - Element //a[@href='/secretariat/notelemele'][contains(.,'Notele mele')]
                        not found on page
                        	at org.testng.Assert.fail(Assert.java:94)
                        	at framework.TestOperations.assertElementPresent(TestOperations.java:244)
                        	at util.PerformTestFromXls.perform(PerformTestFromXls.java:40)
                        	at util.PerformTestFromXls.runTestCase(PerformTestFromXls.java:17)
                        	at sun.reflect.NativeMethodAccessorImpl.invoke0(Native Method)
                        	at sun.reflect.NativeMethodAccessorImpl.invoke(NativeMethodAccessorImpl.java:62)
                        	at sun.reflect.DelegatingMethodAccessorImpl.invoke(DelegatingMethodAccessorImpl.java:43)
                        	at java.lang.reflect.Method.invoke(Method.java:498)
                        	at org.testng.internal.MethodInvocationHelper.invokeMethod(MethodInvocationHelper.java:80)
                        	at org.testng.internal.Invoker.invokeMethod(Invoker.java:714)
                        	at org.testng.internal.Invoker.invokeTestMethod(Invoker.java:901)
                        	at org.testng.internal.Invoker.invokeTestMethods(Invoker.java:1231)
                        	at org.testng.internal.TestMethodWorker.invokeTestMethods(TestMethodWorker.java:127)
                        	at org.testng.internal.TestMethodWorker.run(TestMethodWorker.java:111)
                        	at org.testng.TestRunner.privateRun(TestRunner.java:767)
                        	at org.testng.TestRunner.run(TestRunner.java:617)
                        	at org.testng.SuiteRunner.runTest(SuiteRunner.java:334)
                        	at org.testng.SuiteRunner.runSequentially(SuiteRunner.java:329)
                        	at org.testng.SuiteRunner.privateRun(SuiteRunner.java:291)
                        	at org.testng.SuiteRunner.run(SuiteRunner.java:240)
                        	at org.testng.SuiteRunnerWorker.runSuite(SuiteRunnerWorker.java:52)
                        	at org.testng.SuiteRunnerWorker.run(SuiteRunnerWorker.java:86)
                        	at org.testng.TestNG.runSuitesSequentially(TestNG.java:1198)
                        	at org.testng.TestNG.runSuitesSequentially(TestNG.java:1194)
                        	at org.testng.TestNG.runSuitesLocally(TestNG.java:1123)
                        	at org.testng.TestNG.run(TestNG.java:1031)
                        	at org.testng.TestNG.privateMain(TestNG.java:1338)
                        	at org.testng.TestNG.main(TestNG.java:1307)
                     </pre>
                  </div>
               </td>
            </tr>
            <tr id="unitbv.tests.TestFromXls_closeDriver_byClass_FAIL10_row"
                class="testMethodStatusFAIL testMethodStatusCONF">
               <td width="100%" class="firstMethodCell">
                  <a onclick="toggleDetailsVisibility('unitbv.tests.TestFromXls_closeDriver_byClass_FAIL10_details')">closeDriver()</a>
               </td>
               <td nowrap="true">12:44:55</td>
               <td nowrap="true" align="right">0
                  			 ms
                  		
               </td>
               <td nowrap="true">
                  <a onclick="toggleDetailsVisibility('unitbv.tests.TestFromXls_closeDriver_byClass_FAIL10_exception')">org.openqa.selenium.NoSuchSessionException: 
                     Tried to run command without establishing a connection
                     Build info: version: '3.141.59', revision: 'e82be7d358', time: '2018-11-14T08:17:03'
                     System info: host: 'PRO', ip: '10.146.1.152', os.name: 'Windows 10', os.arch: 'amd64', os.version: '10.0', java.version: '1.8.0_191'
                     Driver info: org.openqa.selenium.firefox.FirefoxDriver
                     Capabilities {acceptInsecureCerts: true, browserName: firefox, browserVersion: 67.0, javascriptEnabled: true, moz:accessibilityChecks:
                     false, moz:buildID: 20190516215225, moz:geckodriverVersion: 0.24.0, moz:headless: false, moz:processID: 20824, moz:profile:
                     C:\Users\PC\AppData\Local\T..., moz:shutdownTimeout: 60000, moz:useNonSpecCompliantPointerOrigin: false, moz:webdriverClick:
                     true, pageLoadStrategy: normal, platform: WINDOWS, platformName: WINDOWS, platformVersion: 10.0, rotatable: false, setWindowRect:
                     true, strictFileInteractability: false, timeouts: {implicit: 0, pageLoad: 300000, script: 30000}, unhandledPromptBehavior:
                     dismiss and notify}
                     Session ID: 67e207b6-b05a-4ec6-b199-362d94924384
                     
                  </a>
                  					 
                  				
               </td>
               <td nowrap="true">
                  <a href="D:\testreport\screenShots" target="_blank">ScreenShot</a>
                  					 
                  				
               </td>
            </tr>
            <tr>
               <td colspan="4" class="detailsBox">
                  <div id="unitbv.tests.TestFromXls_closeDriver_byClass_FAIL10_details"
                       class="testMethodDetails">
                     <div>
                        <b>Name: </b>closeDriver
                     </div>
                     <div>
                        <b>Signature: </b>closeDriver()[pri:0, instance:unitbv.tests.TestFromXls@2c8d66b2]
                     </div>
                     <div>
                        <b>Start time: </b>12:44:55
                     </div>
                     <div>
                        <b>End time: </b>12:44:55
                     </div>
                     <div>
                        <b>Duration: </b>0
                        			 ms
                        		
                     </div>
                  </div>
               </td>
            </tr>
            <tr>
               <td colspan="4" class="detailsBox">
                  <div id="unitbv.tests.TestFromXls_closeDriver_byClass_FAIL10_exception"
                       class="testMethodDetails">
                     <pre style="padding: 5px; margin: 0;">org.openqa.selenium.NoSuchSessionException: Tried to run command without establishing a connection
                        Build info: version: '3.141.59', revision: 'e82be7d358', time: '2018-11-14T08:17:03'
                        System info: host: 'PRO', ip: '10.146.1.152', os.name: 'Windows 10', os.arch: 'amd64', os.version: '10.0', java.version: '1.8.0_191'
                        Driver info: org.openqa.selenium.firefox.FirefoxDriver
                        Capabilities {acceptInsecureCerts: true, browserName: firefox, browserVersion: 67.0, javascriptEnabled: true, moz:accessibilityChecks:
                        false, moz:buildID: 20190516215225, moz:geckodriverVersion: 0.24.0, moz:headless: false, moz:processID: 20824, moz:profile:
                        C:\Users\PC\AppData\Local\T..., moz:shutdownTimeout: 60000, moz:useNonSpecCompliantPointerOrigin: false, moz:webdriverClick:
                        true, pageLoadStrategy: normal, platform: WINDOWS, platformName: WINDOWS, platformVersion: 10.0, rotatable: false, setWindowRect:
                        true, strictFileInteractability: false, timeouts: {implicit: 0, pageLoad: 300000, script: 30000}, unhandledPromptBehavior:
                        dismiss and notify}
                        Session ID: 67e207b6-b05a-4ec6-b199-362d94924384
                        	at sun.reflect.NativeConstructorAccessorImpl.newInstance0(Native Method)
                        	at sun.reflect.NativeConstructorAccessorImpl.newInstance(NativeConstructorAccessorImpl.java:62)
                        	at sun.reflect.DelegatingConstructorAccessorImpl.newInstance(DelegatingConstructorAccessorImpl.java:45)
                        	at java.lang.reflect.Constructor.newInstance(Constructor.java:423)
                        	at org.openqa.selenium.remote.http.W3CHttpResponseCodec.createException(W3CHttpResponseCodec.java:187)
                        	at org.openqa.selenium.remote.http.W3CHttpResponseCodec.decode(W3CHttpResponseCodec.java:122)
                        	at org.openqa.selenium.remote.http.W3CHttpResponseCodec.decode(W3CHttpResponseCodec.java:49)
                        	at org.openqa.selenium.remote.HttpCommandExecutor.execute(HttpCommandExecutor.java:158)
                        	at org.openqa.selenium.remote.service.DriverCommandExecutor.execute(DriverCommandExecutor.java:83)
                        	at org.openqa.selenium.remote.RemoteWebDriver.execute(RemoteWebDriver.java:552)
                        	at org.openqa.selenium.remote.RemoteWebDriver.execute(RemoteWebDriver.java:609)
                        	at org.openqa.selenium.remote.RemoteWebDriver.close(RemoteWebDriver.java:442)
                        	at framework.InitWebDriver.closeDriver(InitWebDriver.java:71)
                        	at sun.reflect.NativeMethodAccessorImpl.invoke0(Native Method)
                        	at sun.reflect.NativeMethodAccessorImpl.invoke(NativeMethodAccessorImpl.java:62)
                        	at sun.reflect.DelegatingMethodAccessorImpl.invoke(DelegatingMethodAccessorImpl.java:43)
                        	at java.lang.reflect.Method.invoke(Method.java:498)
                        	at org.testng.internal.MethodInvocationHelper.invokeMethod(MethodInvocationHelper.java:80)
                        	at org.testng.internal.Invoker.invokeConfigurationMethod(Invoker.java:564)
                        	at org.testng.internal.Invoker.invokeConfigurations(Invoker.java:213)
                        	at org.testng.internal.Invoker.invokeConfigurations(Invoker.java:138)
                        	at org.testng.SuiteRunner.privateRun(SuiteRunner.java:308)
                        	at org.testng.SuiteRunner.run(SuiteRunner.java:240)
                        	at org.testng.SuiteRunnerWorker.runSuite(SuiteRunnerWorker.java:52)
                        	at org.testng.SuiteRunnerWorker.run(SuiteRunnerWorker.java:86)
                        	at org.testng.TestNG.runSuitesSequentially(TestNG.java:1198)
                        	at org.testng.TestNG.runSuitesSequentially(TestNG.java:1194)
                        	at org.testng.TestNG.runSuitesLocally(TestNG.java:1123)
                        	at org.testng.TestNG.run(TestNG.java:1031)
                        	at org.testng.TestNG.privateMain(TestNG.java:1338)
                        	at org.testng.TestNG.main(TestNG.java:1307)
                     </pre>
                  </div>
               </td>
            </tr>
         </table>
         <br></br>
      </div>
      <div style="margin-top: 15px; color: gray; text-align: center; font-size: 9px;">
         <a href="http://isiom-unitbv.pentalog.ro/referentiel/" style="color: #8888aa;"
            target="_blank"></a>
      </div>
   </body>
</html>