<?xml version="1.0" encoding="UTF-8"?>
<!-- Generated by org.testng.reporters.JUnitXMLReporter -->
<testsuite hostname="Pro" name="1.1 Dummy test" tests="1" failures="1" timestamp="3 Jun 2019 17:00:12 GMT" time="10.274" errors="0">
  <testcase name="verifyISGradeOnIntranet" time="10.252" classname="unitbv.tests.CheckISGrade">
    <failure type="java.lang.AssertionError" message="03-06_20-00-12 [ERROR] - Element //span[@class=&amp;apos;menu-actiondd-text&amp;apos;][contains(.,&amp;apos;Note&amp;apos;)] not found on page ">
      <![CDATA[java.lang.AssertionError: 03-06_20-00-12 [ERROR] - Element //span[@class='menu-actiondd-text'][contains(.,'Note')] not found on page 
	at framework.TestOperations.click(TestOperations.java:56)
	at unitbv.tests.CheckISGrade.verifyISGradeOnIntranet(CheckISGrade.java:20)
... Removed 24 stack frames]]>
    </failure>
  </testcase> <!-- verifyISGradeOnIntranet -->
</testsuite> <!-- 1.1 Dummy test -->
