<?xml version="1.0" encoding="UTF-8"?>
<!-- Generated by org.testng.reporters.JUnitXMLReporter -->
<testsuite hostname="Pro" name="Test Suite" tests="8" failures="1" timestamp="3 Jun 2019 17:16:02 GMT" time="12.571" errors="0">
  <testcase name="runTestCase" time="1.733" classname="unitbv.tests.TestFromXls"/>
  <testcase name="runTestCase" time="0.2" classname="unitbv.tests.TestFromXls"/>
  <testcase name="runTestCase" time="0.33" classname="unitbv.tests.TestFromXls"/>
  <testcase name="runTestCase" time="0.267" classname="unitbv.tests.TestFromXls"/>
  <testcase name="runTestCase" time="0.466" classname="unitbv.tests.TestFromXls"/>
  <testcase name="runTestCase" time="2.574" classname="unitbv.tests.TestFromXls"/>
  <testcase name="runTestCase" time="1.174" classname="unitbv.tests.TestFromXls"/>
  <testcase name="runTestCase" time="5.653" classname="unitbv.tests.TestFromXls">
    <failure type="java.lang.AssertionError" message="03-06_20-16-02 [ERROR] - Element //a[@href=&amp;apos;/secretariat/notelemele&amp;apos;][contains(.,&amp;apos;Notelele mele&amp;apos;)] not found on page">
      <![CDATA[java.lang.AssertionError: 03-06_20-16-02 [ERROR] - Element //a[@href='/secretariat/notelemele'][contains(.,'Notelele mele')] not found on page
	at framework.TestOperations.assertElementPresent(TestOperations.java:244)
	at util.PerformTestFromXls.perform(PerformTestFromXls.java:40)
	at util.PerformTestFromXls.runTestCase(PerformTestFromXls.java:17)
... Removed 24 stack frames]]>
    </failure>
  </testcase> <!-- runTestCase -->
</testsuite> <!-- Test Suite -->
