<?xml version="1.0" encoding="UTF-8"?>
<!-- Generated by org.testng.reporters.JUnitXMLReporter -->
<testsuite hostname="Pro" name="Test Suite" tests="8" failures="1" timestamp="3 Jun 2019 17:34:18 GMT" time="10.97" errors="0">
  <testcase name="runTestCase" time="1.676" classname="unitbv.tests.TestFromXls"/>
  <testcase name="runTestCase" time="0.201" classname="unitbv.tests.TestFromXls"/>
  <testcase name="runTestCase" time="0.317" classname="unitbv.tests.TestFromXls"/>
  <testcase name="runTestCase" time="0.262" classname="unitbv.tests.TestFromXls"/>
  <testcase name="runTestCase" time="0.469" classname="unitbv.tests.TestFromXls"/>
  <testcase name="runTestCase" time="1.653" classname="unitbv.tests.TestFromXls"/>
  <testcase name="runTestCase" time="0.724" classname="unitbv.tests.TestFromXls"/>
  <testcase name="runTestCase" time="5.539" classname="unitbv.tests.TestFromXls">
    <failure type="java.lang.AssertionError" message="03-06_20-34-18 [ERROR] - Element //a[@href=&amp;apos;/secretariat/notelemele&amp;apos;][contains(.,&amp;apos;Notelele mele&amp;apos;)] not found on page">
      <![CDATA[java.lang.AssertionError: 03-06_20-34-18 [ERROR] - Element //a[@href='/secretariat/notelemele'][contains(.,'Notelele mele')] not found on page
	at framework.TestOperations.assertElementPresent(TestOperations.java:244)
	at util.PerformTestFromXls.perform(PerformTestFromXls.java:40)
	at util.PerformTestFromXls.runTestCase(PerformTestFromXls.java:17)
... Removed 24 stack frames]]>
    </failure>
  </testcase> <!-- runTestCase -->
</testsuite> <!-- Test Suite -->
