<html xmlns:math="http://exslt.org/math" xmlns:testng="http://testng.org">
   <head>
      <title>Test Results</title>
      <meta http-equiv="content-type" content="text/html; charset=utf-8"></meta>
      <meta http-equiv="pragma" content="no-cache"></meta>
      <meta http-equiv="cache-control" content="max-age=0"></meta>
      <meta http-equiv="cache-control" content="no-cache"></meta>
      <meta http-equiv="cache-control" content="no-store"></meta>
      <LINK rel="stylesheet" href="style.css"></LINK>
      <script type="text/javascript" src="main.js"></script>
   </head>
   <body>
      <table width="100%" style="font-size: 16px; margin-bottom: 10px;" cellspacing="1">
         <tr>
            <td width="100%">
               								All methods in suite
               								
               <b>Tests from java clases</b>
            </td>
            <td style="background-color: #FFBBBB; padding: 3px 3px 3px 0;" align="center">
               <div style="width: 50px;">0</div>
            </td>
            <td style="background-color: lightgreen; padding: 3px 3px 3px 0;" align="center">
               <div style="width: 50px;">0</div>
            </td>
            <td style="background-color: #FFFFBB; padding: 3px 3px 3px 0;" align="center">
               <div style="width: 50px;">1</div>
            </td>
            <td align="center" style="background-color: #eaf0f7; padding: 3px 3px 3px 0;">
               <div style="width: 50px;">1</div>
            </td>
            <td align="center"
                style="font-weight: bold; background-color: #eaf0f7; padding: 3px 3px 3px 0;">
               <div style="width: 50px;">0%</div>
            </td>
            <td style="background-color: #eaf0f7; padding: 3px 3px 3px 0;" align="center"
                nowrap="true">1
               			 ms
               		
            </td>
         </tr>
      </table>
      <div style="width: 200px;">
         <label for="groupMethodsCheckBox" style="font-weight: bold; margin: 0;">
            <input id="groupMethodsCheckBox" type="checkbox" onclick="switchTestMethodsView(this)"
                   checked=""></input>
            				Group by class
            			
         </label>
         <br></br>
         <label for="methodsFilter_ALL" style="font-weight: bold; margin: 0;">
            <input id="methodsFilter_ALL" type="checkbox"
                   onclick="testMethodsFilterChanged(this, 'ALL')"
                   checked=""></input>
            				All
            			
         </label>
      </div>
      <label for="methodsFilter_FAIL" style="margin-left: 20px;">
         <input id="methodsFilter_FAIL" type="checkbox"
                onclick="testMethodsFilterChanged(this, 'FAIL')"
                checked=""></input>
         			Failed
         		
      </label>
      <label for="methodsFilter_PASS">
         <input id="methodsFilter_PASS" type="checkbox"
                onclick="testMethodsFilterChanged(this, 'PASS')"
                checked=""></input>
         			Passed
         		
      </label>
      <label for="methodsFilter_SKIP">
         <input id="methodsFilter_SKIP" type="checkbox"
                onclick="testMethodsFilterChanged(this, 'SKIP')"
                checked=""></input>
         			Skipped
         		
      </label>
      <label for="methodsFilter_CONF">
         <input id="methodsFilter_CONF" type="checkbox"
                onclick="testMethodsFilterChanged(this, 'CONF')"
                checked=""></input>
         			Config
         		
      </label>
      <br></br>
      <div id="testMethodsByStatus" style="display: none;">
         <table class="testMethodsTable" cellpadding="0" cellspacing="0">
            <tr class="methodsTableHeader">
               <td width="100%">Name</td>
               <td nowrap="true">Started</td>
               <td nowrap="true">Duration</td>
               <td>Exception</td>
               <td>ScreenShots</td>
            </tr>
            <tr id="unitbv.tests.CheckISGrade_openDriver_byStatus_failed_FAIL1_row"
                class="testMethodStatusFAIL testMethodStatusCONF">
               <td width="100%" class="firstMethodCell">
                  <a onclick="toggleDetailsVisibility('unitbv.tests.CheckISGrade_openDriver_byStatus_failed_FAIL1_details')">openDriver()</a>
               </td>
               <td nowrap="true">22:55:37</td>
               <td nowrap="true" align="right">0
                  			 ms
                  		
               </td>
               <td nowrap="true">
                  <a onclick="toggleDetailsVisibility('unitbv.tests.CheckISGrade_openDriver_byStatus_failed_FAIL1_exception')">java.lang.IllegalStateException: 
                     The driver executable does not exist: D:\testreport\resources\geckodriver.exe
                     
                  </a>
                  					 
                  				
               </td>
               <td nowrap="true">
                  <a href="D:\testreport\screenShots" target="_blank">ScreenShot</a>
                  					 
                  				
               </td>
            </tr>
            <tr>
               <td colspan="4" class="detailsBox">
                  <div id="unitbv.tests.CheckISGrade_openDriver_byStatus_failed_FAIL1_details"
                       class="testMethodDetails">
                     <div>
                        <b>Name: </b>openDriver
                     </div>
                     <div>
                        <b>Signature: </b>openDriver()[pri:0, instance:unitbv.tests.CheckISGrade@e580929]
                     </div>
                     <div>
                        <b>Start time: </b>22:55:37
                     </div>
                     <div>
                        <b>End time: </b>22:55:37
                     </div>
                     <div>
                        <b>Duration: </b>0
                        			 ms
                        		
                     </div>
                  </div>
               </td>
            </tr>
            <tr>
               <td colspan="4" class="detailsBox">
                  <div id="unitbv.tests.CheckISGrade_openDriver_byStatus_failed_FAIL1_exception"
                       class="testMethodDetails">
                     <pre style="padding: 5px; margin: 0;">java.lang.IllegalStateException: The driver executable does not exist: D:\testreport\resources\geckodriver.exe
                        	at com.google.common.base.Preconditions.checkState(Preconditions.java:585)
                        	at org.openqa.selenium.remote.service.DriverService.checkExecutable(DriverService.java:146)
                        	at org.openqa.selenium.remote.service.DriverService.findExecutable(DriverService.java:141)
                        	at org.openqa.selenium.firefox.GeckoDriverService.access$100(GeckoDriverService.java:44)
                        	at org.openqa.selenium.firefox.GeckoDriverService$Builder.findDefaultExecutable(GeckoDriverService.java:167)
                        	at org.openqa.selenium.remote.service.DriverService$Builder.build(DriverService.java:355)
                        	at org.openqa.selenium.firefox.FirefoxDriver.toExecutor(FirefoxDriver.java:190)
                        	at org.openqa.selenium.firefox.FirefoxDriver.&lt;init&gt;(FirefoxDriver.java:147)
                        	at org.openqa.selenium.firefox.FirefoxDriver.&lt;init&gt;(FirefoxDriver.java:125)
                        	at framework.InitWebDriver.openDriver(Unknown Source)
                        	at sun.reflect.NativeMethodAccessorImpl.invoke0(Native Method)
                        	at sun.reflect.NativeMethodAccessorImpl.invoke(NativeMethodAccessorImpl.java:62)
                        	at sun.reflect.DelegatingMethodAccessorImpl.invoke(DelegatingMethodAccessorImpl.java:43)
                        	at java.lang.reflect.Method.invoke(Method.java:498)
                        	at org.testng.internal.MethodInvocationHelper.invokeMethod(MethodInvocationHelper.java:84)
                        	at org.testng.internal.Invoker.invokeConfigurationMethod(Invoker.java:564)
                        	at org.testng.internal.Invoker.invokeConfigurations(Invoker.java:213)
                        	at org.testng.internal.Invoker.invokeConfigurations(Invoker.java:138)
                        	at org.testng.SuiteRunner.privateRun(SuiteRunner.java:277)
                        	at org.testng.SuiteRunner.run(SuiteRunner.java:240)
                        	at org.testng.SuiteRunnerWorker.runSuite(SuiteRunnerWorker.java:52)
                        	at org.testng.SuiteRunnerWorker.run(SuiteRunnerWorker.java:86)
                        	at org.testng.TestNG.runSuitesSequentially(TestNG.java:1224)
                        	at org.testng.TestNG.runSuitesSequentially(TestNG.java:1220)
                        	at org.testng.TestNG.runSuitesLocally(TestNG.java:1149)
                        	at org.testng.TestNG.run(TestNG.java:1057)
                        	at org.testng.TestNG.privateMain(TestNG.java:1364)
                        	at org.testng.TestNG.main(TestNG.java:1333)
                     </pre>
                  </div>
               </td>
            </tr>
            <tr id="unitbv.tests.CheckISGrade_verifyISGradeOnIntranet_byStatus_skiped_SKIP1_row"
                class="testMethodStatusSKIP">
               <td width="100%" class="firstMethodCell">
                  <a onclick="toggleDetailsVisibility('unitbv.tests.CheckISGrade_verifyISGradeOnIntranet_byStatus_skiped_SKIP1_details')">verifyISGradeOnIntranet()</a>
               </td>
               <td nowrap="true">22:55:37</td>
               <td nowrap="true" align="right">0
                  			 ms
                  		
               </td>
               <td nowrap="true">
                  					 
                  				
               </td>
               <td nowrap="true">
                  					 
                  				
               </td>
            </tr>
            <tr>
               <td colspan="4" class="detailsBox">
                  <div id="unitbv.tests.CheckISGrade_verifyISGradeOnIntranet_byStatus_skiped_SKIP1_details"
                       class="testMethodDetails">
                     <div>
                        <b>Name: </b>verifyISGradeOnIntranet
                     </div>
                     <div>
                        <b>Signature: </b>verifyISGradeOnIntranet()[pri:0, instance:unitbv.tests.CheckISGrade@e580929]
                     </div>
                     <div>
                        <b>Start time: </b>22:55:37
                     </div>
                     <div>
                        <b>End time: </b>22:55:37
                     </div>
                     <div>
                        <b>Duration: </b>0
                        			 ms
                        		
                     </div>
                  </div>
               </td>
            </tr>
            <tr></tr>
            <tr id="unitbv.tests.CheckISGrade_closeDriver_byStatus_skiped_SKIP2_row"
                class="testMethodStatusSKIP testMethodStatusCONF">
               <td width="100%" class="firstMethodCell">
                  <a onclick="toggleDetailsVisibility('unitbv.tests.CheckISGrade_closeDriver_byStatus_skiped_SKIP2_details')">closeDriver()</a>
               </td>
               <td nowrap="true">22:55:37</td>
               <td nowrap="true" align="right">0
                  			 ms
                  		
               </td>
               <td nowrap="true">
                  					 
                  				
               </td>
               <td nowrap="true">
                  					 
                  				
               </td>
            </tr>
            <tr>
               <td colspan="4" class="detailsBox">
                  <div id="unitbv.tests.CheckISGrade_closeDriver_byStatus_skiped_SKIP2_details"
                       class="testMethodDetails">
                     <div>
                        <b>Name: </b>closeDriver
                     </div>
                     <div>
                        <b>Signature: </b>closeDriver()[pri:0, instance:unitbv.tests.CheckISGrade@e580929]
                     </div>
                     <div>
                        <b>Start time: </b>22:55:37
                     </div>
                     <div>
                        <b>End time: </b>22:55:37
                     </div>
                     <div>
                        <b>Duration: </b>0
                        			 ms
                        		
                     </div>
                  </div>
               </td>
            </tr>
            <tr></tr>
         </table>
      </div>
      <div id="testMethodsByClass">
         <table class="testMethodsTable" cellpadding="0" cellspacing="0">
            <tr>
               <td colspan="4">
                  <h3 style="display: inline;">unitbv.tests.CheckISGrade</h3>
               </td>
            </tr>
            <tr class="methodsTableHeader">
               <td width="100%">Name</td>
               <td nowrap="true">Started</td>
               <td nowrap="true">Duration</td>
               <td>Exception</td>
               <td>ScreenShots</td>
            </tr>
            <tr id="unitbv.tests.CheckISGrade_openDriver_byClass_FAIL1_row"
                class="testMethodStatusFAIL testMethodStatusCONF">
               <td width="100%" class="firstMethodCell">
                  <a onclick="toggleDetailsVisibility('unitbv.tests.CheckISGrade_openDriver_byClass_FAIL1_details')">openDriver()</a>
               </td>
               <td nowrap="true">22:55:37</td>
               <td nowrap="true" align="right">0
                  			 ms
                  		
               </td>
               <td nowrap="true">
                  <a onclick="toggleDetailsVisibility('unitbv.tests.CheckISGrade_openDriver_byClass_FAIL1_exception')">java.lang.IllegalStateException: 
                     The driver executable does not exist: D:\testreport\resources\geckodriver.exe
                     
                  </a>
                  					 
                  				
               </td>
               <td nowrap="true">
                  <a href="D:\testreport\screenShots" target="_blank">ScreenShot</a>
                  					 
                  				
               </td>
            </tr>
            <tr>
               <td colspan="4" class="detailsBox">
                  <div id="unitbv.tests.CheckISGrade_openDriver_byClass_FAIL1_details"
                       class="testMethodDetails">
                     <div>
                        <b>Name: </b>openDriver
                     </div>
                     <div>
                        <b>Signature: </b>openDriver()[pri:0, instance:unitbv.tests.CheckISGrade@e580929]
                     </div>
                     <div>
                        <b>Start time: </b>22:55:37
                     </div>
                     <div>
                        <b>End time: </b>22:55:37
                     </div>
                     <div>
                        <b>Duration: </b>0
                        			 ms
                        		
                     </div>
                  </div>
               </td>
            </tr>
            <tr>
               <td colspan="4" class="detailsBox">
                  <div id="unitbv.tests.CheckISGrade_openDriver_byClass_FAIL1_exception"
                       class="testMethodDetails">
                     <pre style="padding: 5px; margin: 0;">java.lang.IllegalStateException: The driver executable does not exist: D:\testreport\resources\geckodriver.exe
                        	at com.google.common.base.Preconditions.checkState(Preconditions.java:585)
                        	at org.openqa.selenium.remote.service.DriverService.checkExecutable(DriverService.java:146)
                        	at org.openqa.selenium.remote.service.DriverService.findExecutable(DriverService.java:141)
                        	at org.openqa.selenium.firefox.GeckoDriverService.access$100(GeckoDriverService.java:44)
                        	at org.openqa.selenium.firefox.GeckoDriverService$Builder.findDefaultExecutable(GeckoDriverService.java:167)
                        	at org.openqa.selenium.remote.service.DriverService$Builder.build(DriverService.java:355)
                        	at org.openqa.selenium.firefox.FirefoxDriver.toExecutor(FirefoxDriver.java:190)
                        	at org.openqa.selenium.firefox.FirefoxDriver.&lt;init&gt;(FirefoxDriver.java:147)
                        	at org.openqa.selenium.firefox.FirefoxDriver.&lt;init&gt;(FirefoxDriver.java:125)
                        	at framework.InitWebDriver.openDriver(Unknown Source)
                        	at sun.reflect.NativeMethodAccessorImpl.invoke0(Native Method)
                        	at sun.reflect.NativeMethodAccessorImpl.invoke(NativeMethodAccessorImpl.java:62)
                        	at sun.reflect.DelegatingMethodAccessorImpl.invoke(DelegatingMethodAccessorImpl.java:43)
                        	at java.lang.reflect.Method.invoke(Method.java:498)
                        	at org.testng.internal.MethodInvocationHelper.invokeMethod(MethodInvocationHelper.java:84)
                        	at org.testng.internal.Invoker.invokeConfigurationMethod(Invoker.java:564)
                        	at org.testng.internal.Invoker.invokeConfigurations(Invoker.java:213)
                        	at org.testng.internal.Invoker.invokeConfigurations(Invoker.java:138)
                        	at org.testng.SuiteRunner.privateRun(SuiteRunner.java:277)
                        	at org.testng.SuiteRunner.run(SuiteRunner.java:240)
                        	at org.testng.SuiteRunnerWorker.runSuite(SuiteRunnerWorker.java:52)
                        	at org.testng.SuiteRunnerWorker.run(SuiteRunnerWorker.java:86)
                        	at org.testng.TestNG.runSuitesSequentially(TestNG.java:1224)
                        	at org.testng.TestNG.runSuitesSequentially(TestNG.java:1220)
                        	at org.testng.TestNG.runSuitesLocally(TestNG.java:1149)
                        	at org.testng.TestNG.run(TestNG.java:1057)
                        	at org.testng.TestNG.privateMain(TestNG.java:1364)
                        	at org.testng.TestNG.main(TestNG.java:1333)
                     </pre>
                  </div>
               </td>
            </tr>
            <tr id="unitbv.tests.CheckISGrade_verifyISGradeOnIntranet_byClass_SKIP2_row"
                class="testMethodStatusSKIP">
               <td width="100%" class="firstMethodCell">
                  <a onclick="toggleDetailsVisibility('unitbv.tests.CheckISGrade_verifyISGradeOnIntranet_byClass_SKIP2_details')">verifyISGradeOnIntranet()</a>
               </td>
               <td nowrap="true">22:55:37</td>
               <td nowrap="true" align="right">0
                  			 ms
                  		
               </td>
               <td nowrap="true">
                  					 
                  				
               </td>
               <td nowrap="true">
                  					 
                  				
               </td>
            </tr>
            <tr>
               <td colspan="4" class="detailsBox">
                  <div id="unitbv.tests.CheckISGrade_verifyISGradeOnIntranet_byClass_SKIP2_details"
                       class="testMethodDetails">
                     <div>
                        <b>Name: </b>verifyISGradeOnIntranet
                     </div>
                     <div>
                        <b>Signature: </b>verifyISGradeOnIntranet()[pri:0, instance:unitbv.tests.CheckISGrade@e580929]
                     </div>
                     <div>
                        <b>Start time: </b>22:55:37
                     </div>
                     <div>
                        <b>End time: </b>22:55:37
                     </div>
                     <div>
                        <b>Duration: </b>0
                        			 ms
                        		
                     </div>
                  </div>
               </td>
            </tr>
            <tr></tr>
            <tr id="unitbv.tests.CheckISGrade_closeDriver_byClass_SKIP3_row"
                class="testMethodStatusSKIP testMethodStatusCONF">
               <td width="100%" class="firstMethodCell">
                  <a onclick="toggleDetailsVisibility('unitbv.tests.CheckISGrade_closeDriver_byClass_SKIP3_details')">closeDriver()</a>
               </td>
               <td nowrap="true">22:55:37</td>
               <td nowrap="true" align="right">0
                  			 ms
                  		
               </td>
               <td nowrap="true">
                  					 
                  				
               </td>
               <td nowrap="true">
                  					 
                  				
               </td>
            </tr>
            <tr>
               <td colspan="4" class="detailsBox">
                  <div id="unitbv.tests.CheckISGrade_closeDriver_byClass_SKIP3_details"
                       class="testMethodDetails">
                     <div>
                        <b>Name: </b>closeDriver
                     </div>
                     <div>
                        <b>Signature: </b>closeDriver()[pri:0, instance:unitbv.tests.CheckISGrade@e580929]
                     </div>
                     <div>
                        <b>Start time: </b>22:55:37
                     </div>
                     <div>
                        <b>End time: </b>22:55:37
                     </div>
                     <div>
                        <b>Duration: </b>0
                        			 ms
                        		
                     </div>
                  </div>
               </td>
            </tr>
            <tr></tr>
         </table>
         <br></br>
      </div>
      <div style="margin-top: 15px; color: gray; text-align: center; font-size: 9px;">
         <a href="http://isiom-unitbv.pentalog.ro/referentiel/" style="color: #8888aa;"
            target="_blank"></a>
      </div>
   </body>
</html>